The system is: Linux - 3.16.0-38-generic - x86_64
Compiling the C compiler identification source file "CMakeCCompilerId.c" succeeded.
Compiler: /usr/bin/cc 
Build flags: 
Id flags:  

The output was:
0


Compilation of the C compiler identification source "CMakeCCompilerId.c" produced "a.out"

The C compiler identification is GNU, found in "/home/yoyo/Desktop/LSV/pa2/LSV_pa/CMakeFiles/3.9.1/CompilerIdC/a.out"

Compiling the CXX compiler identification source file "CMakeCXXCompilerId.cpp" succeeded.
Compiler: /usr/bin/c++ 
Build flags: 
Id flags:  

The output was:
0


Compilation of the CXX compiler identification source "CMakeCXXCompilerId.cpp" produced "a.out"

The CXX compiler identification is GNU, found in "/home/yoyo/Desktop/LSV/pa2/LSV_pa/CMakeFiles/3.9.1/CompilerIdCXX/a.out"

Determining if the C compiler works passed with the following output:
Change Dir: /home/yoyo/Desktop/LSV/pa2/LSV_pa/CMakeFiles/CMakeTmp

Run Build Command:"/usr/bin/make" "cmTC_789f7/fast"
/usr/bin/make -f CMakeFiles/cmTC_789f7.dir/build.make CMakeFiles/cmTC_789f7.dir/build
make[1]: Entering directory `/home/yoyo/Desktop/LSV/pa2/LSV_pa/CMakeFiles/CMakeTmp'
Building C object CMakeFiles/cmTC_789f7.dir/testCCompiler.c.o
/usr/bin/cc    -o CMakeFiles/cmTC_789f7.dir/testCCompiler.c.o   -c /home/yoyo/Desktop/LSV/pa2/LSV_pa/CMakeFiles/CMakeTmp/testCCompiler.c
Linking C executable cmTC_789f7
/usr/local/bin/cmake -E cmake_link_script CMakeFiles/cmTC_789f7.dir/link.txt --verbose=1
/usr/bin/cc      -rdynamic CMakeFiles/cmTC_789f7.dir/testCCompiler.c.o  -o cmTC_789f7 
make[1]: Leaving directory `/home/yoyo/Desktop/LSV/pa2/LSV_pa/CMakeFiles/CMakeTmp'


Detecting C compiler ABI info compiled with the following output:
Change Dir: /home/yoyo/Desktop/LSV/pa2/LSV_pa/CMakeFiles/CMakeTmp

Run Build Command:"/usr/bin/make" "cmTC_3e45e/fast"
/usr/bin/make -f CMakeFiles/cmTC_3e45e.dir/build.make CMakeFiles/cmTC_3e45e.dir/build
make[1]: Entering directory `/home/yoyo/Desktop/LSV/pa2/LSV_pa/CMakeFiles/CMakeTmp'
Building C object CMakeFiles/cmTC_3e45e.dir/CMakeCCompilerABI.c.o
/usr/bin/cc    -o CMakeFiles/cmTC_3e45e.dir/CMakeCCompilerABI.c.o   -c /usr/local/share/cmake-3.9/Modules/CMakeCCompilerABI.c
Linking C executable cmTC_3e45e
/usr/local/bin/cmake -E cmake_link_script CMakeFiles/cmTC_3e45e.dir/link.txt --verbose=1
/usr/bin/cc     -v -rdynamic CMakeFiles/cmTC_3e45e.dir/CMakeCCompilerABI.c.o  -o cmTC_3e45e 
Using built-in specs.
COLLECT_GCC=/usr/bin/cc
COLLECT_LTO_WRAPPER=/usr/lib/gcc/x86_64-linux-gnu/6/lto-wrapper
Target: x86_64-linux-gnu
Configured with: ../src/configure -v --with-pkgversion='Ubuntu/Linaro 6.3.0-18ubuntu2~14.04' --with-bugurl=file:///usr/share/doc/gcc-6/README.Bugs --enable-languages=c,ada,c++,java,go,d,fortran,objc,obj-c++ --prefix=/usr --program-suffix=-6 --program-prefix=x86_64-linux-gnu- --enable-shared --enable-linker-build-id --libexecdir=/usr/lib --without-included-gettext --enable-threads=posix --libdir=/usr/lib --enable-nls --with-sysroot=/ --enable-clocale=gnu --enable-libstdcxx-debug --enable-libstdcxx-time=yes --with-default-libstdcxx-abi=gcc4-compatible --disable-libstdcxx-dual-abi --enable-gnu-unique-object --disable-vtable-verify --enable-libmpx --enable-plugin --with-system-zlib --disable-browser-plugin --enable-java-awt=gtk --enable-gtk-cairo --with-java-home=/usr/lib/jvm/java-1.5.0-gcj-6-amd64/jre --enable-java-home --with-jvm-root-dir=/usr/lib/jvm/java-1.5.0-gcj-6-amd64 --with-jvm-jar-dir=/usr/lib/jvm-exports/java-1.5.0-gcj-6-amd64 --with-arch-directory=amd64 --with-ecj-jar=/usr/share/java/eclipse-ecj.jar --with-target-system-zlib --enable-objc-gc=auto --enable-multiarch --disable-werror --with-arch-32=i686 --with-abi=m64 --with-multilib-list=m32,m64,mx32 --enable-multilib --with-tune=generic --enable-checking=release --build=x86_64-linux-gnu --host=x86_64-linux-gnu --target=x86_64-linux-gnu
Thread model: posix
gcc version 6.3.0 20170519 (Ubuntu/Linaro 6.3.0-18ubuntu2~14.04) 
COMPILER_PATH=/usr/lib/gcc/x86_64-linux-gnu/6/:/usr/lib/gcc/x86_64-linux-gnu/6/:/usr/lib/gcc/x86_64-linux-gnu/:/usr/lib/gcc/x86_64-linux-gnu/6/:/usr/lib/gcc/x86_64-linux-gnu/
LIBRARY_PATH=/usr/lib/gcc/x86_64-linux-gnu/6/:/usr/lib/gcc/x86_64-linux-gnu/6/../../../x86_64-linux-gnu/:/usr/lib/gcc/x86_64-linux-gnu/6/../../../../lib/:/lib/x86_64-linux-gnu/:/lib/../lib/:/usr/lib/x86_64-linux-gnu/:/usr/lib/../lib/:/usr/lib/gcc/x86_64-linux-gnu/6/../../../:/lib/:/usr/lib/
COLLECT_GCC_OPTIONS='-v' '-rdynamic' '-o' 'cmTC_3e45e' '-mtune=generic' '-march=x86-64'
 /usr/lib/gcc/x86_64-linux-gnu/6/collect2 -plugin /usr/lib/gcc/x86_64-linux-gnu/6/liblto_plugin.so -plugin-opt=/usr/lib/gcc/x86_64-linux-gnu/6/lto-wrapper -plugin-opt=-fresolution=/tmp/ccmssSzd.res -plugin-opt=-pass-through=-lgcc -plugin-opt=-pass-through=-lgcc_s -plugin-opt=-pass-through=-lc -plugin-opt=-pass-through=-lgcc -plugin-opt=-pass-through=-lgcc_s --sysroot=/ --build-id --eh-frame-hdr -m elf_x86_64 --hash-style=gnu --as-needed -export-dynamic -dynamic-linker /lib64/ld-linux-x86-64.so.2 -z relro -o cmTC_3e45e /usr/lib/gcc/x86_64-linux-gnu/6/../../../x86_64-linux-gnu/crt1.o /usr/lib/gcc/x86_64-linux-gnu/6/../../../x86_64-linux-gnu/crti.o /usr/lib/gcc/x86_64-linux-gnu/6/crtbegin.o -L/usr/lib/gcc/x86_64-linux-gnu/6 -L/usr/lib/gcc/x86_64-linux-gnu/6/../../../x86_64-linux-gnu -L/usr/lib/gcc/x86_64-linux-gnu/6/../../../../lib -L/lib/x86_64-linux-gnu -L/lib/../lib -L/usr/lib/x86_64-linux-gnu -L/usr/lib/../lib -L/usr/lib/gcc/x86_64-linux-gnu/6/../../.. CMakeFiles/cmTC_3e45e.dir/CMakeCCompilerABI.c.o -lgcc --as-needed -lgcc_s --no-as-needed -lc -lgcc --as-needed -lgcc_s --no-as-needed /usr/lib/gcc/x86_64-linux-gnu/6/crtend.o /usr/lib/gcc/x86_64-linux-gnu/6/../../../x86_64-linux-gnu/crtn.o
COLLECT_GCC_OPTIONS='-v' '-rdynamic' '-o' 'cmTC_3e45e' '-mtune=generic' '-march=x86-64'
make[1]: Leaving directory `/home/yoyo/Desktop/LSV/pa2/LSV_pa/CMakeFiles/CMakeTmp'


Parsed C implicit link information from above output:
  link line regex: [^( *|.*[/\])(ld|CMAKE_LINK_STARTFILE-NOTFOUND|([^/\]+-)?ld|collect2)[^/\]*( |$)]
  ignore line: [Change Dir: /home/yoyo/Desktop/LSV/pa2/LSV_pa/CMakeFiles/CMakeTmp]
  ignore line: []
  ignore line: [Run Build Command:"/usr/bin/make" "cmTC_3e45e/fast"]
  ignore line: [/usr/bin/make -f CMakeFiles/cmTC_3e45e.dir/build.make CMakeFiles/cmTC_3e45e.dir/build]
  ignore line: [make[1]: Entering directory `/home/yoyo/Desktop/LSV/pa2/LSV_pa/CMakeFiles/CMakeTmp']
  ignore line: [Building C object CMakeFiles/cmTC_3e45e.dir/CMakeCCompilerABI.c.o]
  ignore line: [/usr/bin/cc    -o CMakeFiles/cmTC_3e45e.dir/CMakeCCompilerABI.c.o   -c /usr/local/share/cmake-3.9/Modules/CMakeCCompilerABI.c]
  ignore line: [Linking C executable cmTC_3e45e]
  ignore line: [/usr/local/bin/cmake -E cmake_link_script CMakeFiles/cmTC_3e45e.dir/link.txt --verbose=1]
  ignore line: [/usr/bin/cc     -v -rdynamic CMakeFiles/cmTC_3e45e.dir/CMakeCCompilerABI.c.o  -o cmTC_3e45e ]
  ignore line: [Using built-in specs.]
  ignore line: [COLLECT_GCC=/usr/bin/cc]
  ignore line: [COLLECT_LTO_WRAPPER=/usr/lib/gcc/x86_64-linux-gnu/6/lto-wrapper]
  ignore line: [Target: x86_64-linux-gnu]
  ignore line: [Configured with: ../src/configure -v --with-pkgversion='Ubuntu/Linaro 6.3.0-18ubuntu2~14.04' --with-bugurl=file:///usr/share/doc/gcc-6/README.Bugs --enable-languages=c,ada,c++,java,go,d,fortran,objc,obj-c++ --prefix=/usr --program-suffix=-6 --program-prefix=x86_64-linux-gnu- --enable-shared --enable-linker-build-id --libexecdir=/usr/lib --without-included-gettext --enable-threads=posix --libdir=/usr/lib --enable-nls --with-sysroot=/ --enable-clocale=gnu --enable-libstdcxx-debug --enable-libstdcxx-time=yes --with-default-libstdcxx-abi=gcc4-compatible --disable-libstdcxx-dual-abi --enable-gnu-unique-object --disable-vtable-verify --enable-libmpx --enable-plugin --with-system-zlib --disable-browser-plugin --enable-java-awt=gtk --enable-gtk-cairo --with-java-home=/usr/lib/jvm/java-1.5.0-gcj-6-amd64/jre --enable-java-home --with-jvm-root-dir=/usr/lib/jvm/java-1.5.0-gcj-6-amd64 --with-jvm-jar-dir=/usr/lib/jvm-exports/java-1.5.0-gcj-6-amd64 --with-arch-directory=amd64 --with-ecj-jar=/usr/share/java/eclipse-ecj.jar --with-target-system-zlib --enable-objc-gc=auto --enable-multiarch --disable-werror --with-arch-32=i686 --with-abi=m64 --with-multilib-list=m32,m64,mx32 --enable-multilib --with-tune=generic --enable-checking=release --build=x86_64-linux-gnu --host=x86_64-linux-gnu --target=x86_64-linux-gnu]
  ignore line: [Thread model: posix]
  ignore line: [gcc version 6.3.0 20170519 (Ubuntu/Linaro 6.3.0-18ubuntu2~14.04) ]
  ignore line: [COMPILER_PATH=/usr/lib/gcc/x86_64-linux-gnu/6/:/usr/lib/gcc/x86_64-linux-gnu/6/:/usr/lib/gcc/x86_64-linux-gnu/:/usr/lib/gcc/x86_64-linux-gnu/6/:/usr/lib/gcc/x86_64-linux-gnu/]
  ignore line: [LIBRARY_PATH=/usr/lib/gcc/x86_64-linux-gnu/6/:/usr/lib/gcc/x86_64-linux-gnu/6/../../../x86_64-linux-gnu/:/usr/lib/gcc/x86_64-linux-gnu/6/../../../../lib/:/lib/x86_64-linux-gnu/:/lib/../lib/:/usr/lib/x86_64-linux-gnu/:/usr/lib/../lib/:/usr/lib/gcc/x86_64-linux-gnu/6/../../../:/lib/:/usr/lib/]
  ignore line: [COLLECT_GCC_OPTIONS='-v' '-rdynamic' '-o' 'cmTC_3e45e' '-mtune=generic' '-march=x86-64']
  link line: [ /usr/lib/gcc/x86_64-linux-gnu/6/collect2 -plugin /usr/lib/gcc/x86_64-linux-gnu/6/liblto_plugin.so -plugin-opt=/usr/lib/gcc/x86_64-linux-gnu/6/lto-wrapper -plugin-opt=-fresolution=/tmp/ccmssSzd.res -plugin-opt=-pass-through=-lgcc -plugin-opt=-pass-through=-lgcc_s -plugin-opt=-pass-through=-lc -plugin-opt=-pass-through=-lgcc -plugin-opt=-pass-through=-lgcc_s --sysroot=/ --build-id --eh-frame-hdr -m elf_x86_64 --hash-style=gnu --as-needed -export-dynamic -dynamic-linker /lib64/ld-linux-x86-64.so.2 -z relro -o cmTC_3e45e /usr/lib/gcc/x86_64-linux-gnu/6/../../../x86_64-linux-gnu/crt1.o /usr/lib/gcc/x86_64-linux-gnu/6/../../../x86_64-linux-gnu/crti.o /usr/lib/gcc/x86_64-linux-gnu/6/crtbegin.o -L/usr/lib/gcc/x86_64-linux-gnu/6 -L/usr/lib/gcc/x86_64-linux-gnu/6/../../../x86_64-linux-gnu -L/usr/lib/gcc/x86_64-linux-gnu/6/../../../../lib -L/lib/x86_64-linux-gnu -L/lib/../lib -L/usr/lib/x86_64-linux-gnu -L/usr/lib/../lib -L/usr/lib/gcc/x86_64-linux-gnu/6/../../.. CMakeFiles/cmTC_3e45e.dir/CMakeCCompilerABI.c.o -lgcc --as-needed -lgcc_s --no-as-needed -lc -lgcc --as-needed -lgcc_s --no-as-needed /usr/lib/gcc/x86_64-linux-gnu/6/crtend.o /usr/lib/gcc/x86_64-linux-gnu/6/../../../x86_64-linux-gnu/crtn.o]
    arg [/usr/lib/gcc/x86_64-linux-gnu/6/collect2] ==> ignore
    arg [-plugin] ==> ignore
    arg [/usr/lib/gcc/x86_64-linux-gnu/6/liblto_plugin.so] ==> ignore
    arg [-plugin-opt=/usr/lib/gcc/x86_64-linux-gnu/6/lto-wrapper] ==> ignore
    arg [-plugin-opt=-fresolution=/tmp/ccmssSzd.res] ==> ignore
    arg [-plugin-opt=-pass-through=-lgcc] ==> ignore
    arg [-plugin-opt=-pass-through=-lgcc_s] ==> ignore
    arg [-plugin-opt=-pass-through=-lc] ==> ignore
    arg [-plugin-opt=-pass-through=-lgcc] ==> ignore
    arg [-plugin-opt=-pass-through=-lgcc_s] ==> ignore
    arg [--sysroot=/] ==> ignore
    arg [--build-id] ==> ignore
    arg [--eh-frame-hdr] ==> ignore
    arg [-m] ==> ignore
    arg [elf_x86_64] ==> ignore
    arg [--hash-style=gnu] ==> ignore
    arg [--as-needed] ==> ignore
    arg [-export-dynamic] ==> ignore
    arg [-dynamic-linker] ==> ignore
    arg [/lib64/ld-linux-x86-64.so.2] ==> ignore
    arg [-zrelro] ==> ignore
    arg [-o] ==> ignore
    arg [cmTC_3e45e] ==> ignore
    arg [/usr/lib/gcc/x86_64-linux-gnu/6/../../../x86_64-linux-gnu/crt1.o] ==> ignore
    arg [/usr/lib/gcc/x86_64-linux-gnu/6/../../../x86_64-linux-gnu/crti.o] ==> ignore
    arg [/usr/lib/gcc/x86_64-linux-gnu/6/crtbegin.o] ==> ignore
    arg [-L/usr/lib/gcc/x86_64-linux-gnu/6] ==> dir [/usr/lib/gcc/x86_64-linux-gnu/6]
    arg [-L/usr/lib/gcc/x86_64-linux-gnu/6/../../../x86_64-linux-gnu] ==> dir [/usr/lib/gcc/x86_64-linux-gnu/6/../../../x86_64-linux-gnu]
    arg [-L/usr/lib/gcc/x86_64-linux-gnu/6/../../../../lib] ==> dir [/usr/lib/gcc/x86_64-linux-gnu/6/../../../../lib]
    arg [-L/lib/x86_64-linux-gnu] ==> dir [/lib/x86_64-linux-gnu]
    arg [-L/lib/../lib] ==> dir [/lib/../lib]
    arg [-L/usr/lib/x86_64-linux-gnu] ==> dir [/usr/lib/x86_64-linux-gnu]
    arg [-L/usr/lib/../lib] ==> dir [/usr/lib/../lib]
    arg [-L/usr/lib/gcc/x86_64-linux-gnu/6/../../..] ==> dir [/usr/lib/gcc/x86_64-linux-gnu/6/../../..]
    arg [CMakeFiles/cmTC_3e45e.dir/CMakeCCompilerABI.c.o] ==> ignore
    arg [-lgcc] ==> lib [gcc]
    arg [--as-needed] ==> ignore
    arg [-lgcc_s] ==> lib [gcc_s]
    arg [--no-as-needed] ==> ignore
    arg [-lc] ==> lib [c]
    arg [-lgcc] ==> lib [gcc]
    arg [--as-needed] ==> ignore
    arg [-lgcc_s] ==> lib [gcc_s]
    arg [--no-as-needed] ==> ignore
    arg [/usr/lib/gcc/x86_64-linux-gnu/6/crtend.o] ==> ignore
    arg [/usr/lib/gcc/x86_64-linux-gnu/6/../../../x86_64-linux-gnu/crtn.o] ==> ignore
  collapse library dir [/usr/lib/gcc/x86_64-linux-gnu/6] ==> [/usr/lib/gcc/x86_64-linux-gnu/6]
  collapse library dir [/usr/lib/gcc/x86_64-linux-gnu/6/../../../x86_64-linux-gnu] ==> [/usr/lib/x86_64-linux-gnu]
  collapse library dir [/usr/lib/gcc/x86_64-linux-gnu/6/../../../../lib] ==> [/usr/lib]
  collapse library dir [/lib/x86_64-linux-gnu] ==> [/lib/x86_64-linux-gnu]
  collapse library dir [/lib/../lib] ==> [/lib]
  collapse library dir [/usr/lib/x86_64-linux-gnu] ==> [/usr/lib/x86_64-linux-gnu]
  collapse library dir [/usr/lib/../lib] ==> [/usr/lib]
  collapse library dir [/usr/lib/gcc/x86_64-linux-gnu/6/../../..] ==> [/usr/lib]
  implicit libs: [gcc;gcc_s;c;gcc;gcc_s]
  implicit dirs: [/usr/lib/gcc/x86_64-linux-gnu/6;/usr/lib/x86_64-linux-gnu;/usr/lib;/lib/x86_64-linux-gnu;/lib]
  implicit fwks: []




Detecting C [-std=c11] compiler features compiled with the following output:
Change Dir: /home/yoyo/Desktop/LSV/pa2/LSV_pa/CMakeFiles/CMakeTmp

Run Build Command:"/usr/bin/make" "cmTC_f5a52/fast"
/usr/bin/make -f CMakeFiles/cmTC_f5a52.dir/build.make CMakeFiles/cmTC_f5a52.dir/build
make[1]: Entering directory `/home/yoyo/Desktop/LSV/pa2/LSV_pa/CMakeFiles/CMakeTmp'
Building C object CMakeFiles/cmTC_f5a52.dir/feature_tests.c.o
/usr/bin/cc   -std=c11 -o CMakeFiles/cmTC_f5a52.dir/feature_tests.c.o   -c /home/yoyo/Desktop/LSV/pa2/LSV_pa/CMakeFiles/feature_tests.c
Linking C executable cmTC_f5a52
/usr/local/bin/cmake -E cmake_link_script CMakeFiles/cmTC_f5a52.dir/link.txt --verbose=1
/usr/bin/cc      -rdynamic CMakeFiles/cmTC_f5a52.dir/feature_tests.c.o  -o cmTC_f5a52 
make[1]: Leaving directory `/home/yoyo/Desktop/LSV/pa2/LSV_pa/CMakeFiles/CMakeTmp'


    Feature record: C_FEATURE:1c_function_prototypes
    Feature record: C_FEATURE:1c_restrict
    Feature record: C_FEATURE:1c_static_assert
    Feature record: C_FEATURE:1c_variadic_macros


Detecting C [-std=c99] compiler features compiled with the following output:
Change Dir: /home/yoyo/Desktop/LSV/pa2/LSV_pa/CMakeFiles/CMakeTmp

Run Build Command:"/usr/bin/make" "cmTC_97290/fast"
/usr/bin/make -f CMakeFiles/cmTC_97290.dir/build.make CMakeFiles/cmTC_97290.dir/build
make[1]: Entering directory `/home/yoyo/Desktop/LSV/pa2/LSV_pa/CMakeFiles/CMakeTmp'
Building C object CMakeFiles/cmTC_97290.dir/feature_tests.c.o
/usr/bin/cc   -std=c99 -o CMakeFiles/cmTC_97290.dir/feature_tests.c.o   -c /home/yoyo/Desktop/LSV/pa2/LSV_pa/CMakeFiles/feature_tests.c
Linking C executable cmTC_97290
/usr/local/bin/cmake -E cmake_link_script CMakeFiles/cmTC_97290.dir/link.txt --verbose=1
/usr/bin/cc      -rdynamic CMakeFiles/cmTC_97290.dir/feature_tests.c.o  -o cmTC_97290 
make[1]: Leaving directory `/home/yoyo/Desktop/LSV/pa2/LSV_pa/CMakeFiles/CMakeTmp'


    Feature record: C_FEATURE:1c_function_prototypes
    Feature record: C_FEATURE:1c_restrict
    Feature record: C_FEATURE:0c_static_assert
    Feature record: C_FEATURE:1c_variadic_macros


Detecting C [-std=c90] compiler features compiled with the following output:
Change Dir: /home/yoyo/Desktop/LSV/pa2/LSV_pa/CMakeFiles/CMakeTmp

Run Build Command:"/usr/bin/make" "cmTC_d2671/fast"
/usr/bin/make -f CMakeFiles/cmTC_d2671.dir/build.make CMakeFiles/cmTC_d2671.dir/build
make[1]: Entering directory `/home/yoyo/Desktop/LSV/pa2/LSV_pa/CMakeFiles/CMakeTmp'
Building C object CMakeFiles/cmTC_d2671.dir/feature_tests.c.o
/usr/bin/cc   -std=c90 -o CMakeFiles/cmTC_d2671.dir/feature_tests.c.o   -c /home/yoyo/Desktop/LSV/pa2/LSV_pa/CMakeFiles/feature_tests.c
Linking C executable cmTC_d2671
/usr/local/bin/cmake -E cmake_link_script CMakeFiles/cmTC_d2671.dir/link.txt --verbose=1
/usr/bin/cc      -rdynamic CMakeFiles/cmTC_d2671.dir/feature_tests.c.o  -o cmTC_d2671 
make[1]: Leaving directory `/home/yoyo/Desktop/LSV/pa2/LSV_pa/CMakeFiles/CMakeTmp'


    Feature record: C_FEATURE:1c_function_prototypes
    Feature record: C_FEATURE:0c_restrict
    Feature record: C_FEATURE:0c_static_assert
    Feature record: C_FEATURE:0c_variadic_macros
Determining if the CXX compiler works passed with the following output:
Change Dir: /home/yoyo/Desktop/LSV/pa2/LSV_pa/CMakeFiles/CMakeTmp

Run Build Command:"/usr/bin/make" "cmTC_b450c/fast"
/usr/bin/make -f CMakeFiles/cmTC_b450c.dir/build.make CMakeFiles/cmTC_b450c.dir/build
make[1]: Entering directory `/home/yoyo/Desktop/LSV/pa2/LSV_pa/CMakeFiles/CMakeTmp'
Building CXX object CMakeFiles/cmTC_b450c.dir/testCXXCompiler.cxx.o
/usr/bin/c++     -o CMakeFiles/cmTC_b450c.dir/testCXXCompiler.cxx.o -c /home/yoyo/Desktop/LSV/pa2/LSV_pa/CMakeFiles/CMakeTmp/testCXXCompiler.cxx
Linking CXX executable cmTC_b450c
/usr/local/bin/cmake -E cmake_link_script CMakeFiles/cmTC_b450c.dir/link.txt --verbose=1
/usr/bin/c++       -rdynamic CMakeFiles/cmTC_b450c.dir/testCXXCompiler.cxx.o  -o cmTC_b450c 
make[1]: Leaving directory `/home/yoyo/Desktop/LSV/pa2/LSV_pa/CMakeFiles/CMakeTmp'


Detecting CXX compiler ABI info compiled with the following output:
Change Dir: /home/yoyo/Desktop/LSV/pa2/LSV_pa/CMakeFiles/CMakeTmp

Run Build Command:"/usr/bin/make" "cmTC_96f30/fast"
/usr/bin/make -f CMakeFiles/cmTC_96f30.dir/build.make CMakeFiles/cmTC_96f30.dir/build
make[1]: Entering directory `/home/yoyo/Desktop/LSV/pa2/LSV_pa/CMakeFiles/CMakeTmp'
Building CXX object CMakeFiles/cmTC_96f30.dir/CMakeCXXCompilerABI.cpp.o
/usr/bin/c++     -o CMakeFiles/cmTC_96f30.dir/CMakeCXXCompilerABI.cpp.o -c /usr/local/share/cmake-3.9/Modules/CMakeCXXCompilerABI.cpp
Linking CXX executable cmTC_96f30
/usr/local/bin/cmake -E cmake_link_script CMakeFiles/cmTC_96f30.dir/link.txt --verbose=1
/usr/bin/c++      -v -rdynamic CMakeFiles/cmTC_96f30.dir/CMakeCXXCompilerABI.cpp.o  -o cmTC_96f30 
Using built-in specs.
COLLECT_GCC=/usr/bin/c++
COLLECT_LTO_WRAPPER=/usr/lib/gcc/x86_64-linux-gnu/6/lto-wrapper
Target: x86_64-linux-gnu
Configured with: ../src/configure -v --with-pkgversion='Ubuntu/Linaro 6.3.0-18ubuntu2~14.04' --with-bugurl=file:///usr/share/doc/gcc-6/README.Bugs --enable-languages=c,ada,c++,java,go,d,fortran,objc,obj-c++ --prefix=/usr --program-suffix=-6 --program-prefix=x86_64-linux-gnu- --enable-shared --enable-linker-build-id --libexecdir=/usr/lib --without-included-gettext --enable-threads=posix --libdir=/usr/lib --enable-nls --with-sysroot=/ --enable-clocale=gnu --enable-libstdcxx-debug --enable-libstdcxx-time=yes --with-default-libstdcxx-abi=gcc4-compatible --disable-libstdcxx-dual-abi --enable-gnu-unique-object --disable-vtable-verify --enable-libmpx --enable-plugin --with-system-zlib --disable-browser-plugin --enable-java-awt=gtk --enable-gtk-cairo --with-java-home=/usr/lib/jvm/java-1.5.0-gcj-6-amd64/jre --enable-java-home --with-jvm-root-dir=/usr/lib/jvm/java-1.5.0-gcj-6-amd64 --with-jvm-jar-dir=/usr/lib/jvm-exports/java-1.5.0-gcj-6-amd64 --with-arch-directory=amd64 --with-ecj-jar=/usr/share/java/eclipse-ecj.jar --with-target-system-zlib --enable-objc-gc=auto --enable-multiarch --disable-werror --with-arch-32=i686 --with-abi=m64 --with-multilib-list=m32,m64,mx32 --enable-multilib --with-tune=generic --enable-checking=release --build=x86_64-linux-gnu --host=x86_64-linux-gnu --target=x86_64-linux-gnu
Thread model: posix
gcc version 6.3.0 20170519 (Ubuntu/Linaro 6.3.0-18ubuntu2~14.04) 
COMPILER_PATH=/usr/lib/gcc/x86_64-linux-gnu/6/:/usr/lib/gcc/x86_64-linux-gnu/6/:/usr/lib/gcc/x86_64-linux-gnu/:/usr/lib/gcc/x86_64-linux-gnu/6/:/usr/lib/gcc/x86_64-linux-gnu/
LIBRARY_PATH=/usr/lib/gcc/x86_64-linux-gnu/6/:/usr/lib/gcc/x86_64-linux-gnu/6/../../../x86_64-linux-gnu/:/usr/lib/gcc/x86_64-linux-gnu/6/../../../../lib/:/lib/x86_64-linux-gnu/:/lib/../lib/:/usr/lib/x86_64-linux-gnu/:/usr/lib/../lib/:/usr/lib/gcc/x86_64-linux-gnu/6/../../../:/lib/:/usr/lib/
COLLECT_GCC_OPTIONS='-v' '-rdynamic' '-o' 'cmTC_96f30' '-shared-libgcc' '-mtune=generic' '-march=x86-64'
 /usr/lib/gcc/x86_64-linux-gnu/6/collect2 -plugin /usr/lib/gcc/x86_64-linux-gnu/6/liblto_plugin.so -plugin-opt=/usr/lib/gcc/x86_64-linux-gnu/6/lto-wrapper -plugin-opt=-fresolution=/tmp/cchL9OaB.res -plugin-opt=-pass-through=-lgcc_s -plugin-opt=-pass-through=-lgcc -plugin-opt=-pass-through=-lc -plugin-opt=-pass-through=-lgcc_s -plugin-opt=-pass-through=-lgcc --sysroot=/ --build-id --eh-frame-hdr -m elf_x86_64 --hash-style=gnu --as-needed -export-dynamic -dynamic-linker /lib64/ld-linux-x86-64.so.2 -z relro -o cmTC_96f30 /usr/lib/gcc/x86_64-linux-gnu/6/../../../x86_64-linux-gnu/crt1.o /usr/lib/gcc/x86_64-linux-gnu/6/../../../x86_64-linux-gnu/crti.o /usr/lib/gcc/x86_64-linux-gnu/6/crtbegin.o -L/usr/lib/gcc/x86_64-linux-gnu/6 -L/usr/lib/gcc/x86_64-linux-gnu/6/../../../x86_64-linux-gnu -L/usr/lib/gcc/x86_64-linux-gnu/6/../../../../lib -L/lib/x86_64-linux-gnu -L/lib/../lib -L/usr/lib/x86_64-linux-gnu -L/usr/lib/../lib -L/usr/lib/gcc/x86_64-linux-gnu/6/../../.. CMakeFiles/cmTC_96f30.dir/CMakeCXXCompilerABI.cpp.o -lstdc++ -lm -lgcc_s -lgcc -lc -lgcc_s -lgcc /usr/lib/gcc/x86_64-linux-gnu/6/crtend.o /usr/lib/gcc/x86_64-linux-gnu/6/../../../x86_64-linux-gnu/crtn.o
COLLECT_GCC_OPTIONS='-v' '-rdynamic' '-o' 'cmTC_96f30' '-shared-libgcc' '-mtune=generic' '-march=x86-64'
make[1]: Leaving directory `/home/yoyo/Desktop/LSV/pa2/LSV_pa/CMakeFiles/CMakeTmp'


Parsed CXX implicit link information from above output:
  link line regex: [^( *|.*[/\])(ld|CMAKE_LINK_STARTFILE-NOTFOUND|([^/\]+-)?ld|collect2)[^/\]*( |$)]
  ignore line: [Change Dir: /home/yoyo/Desktop/LSV/pa2/LSV_pa/CMakeFiles/CMakeTmp]
  ignore line: []
  ignore line: [Run Build Command:"/usr/bin/make" "cmTC_96f30/fast"]
  ignore line: [/usr/bin/make -f CMakeFiles/cmTC_96f30.dir/build.make CMakeFiles/cmTC_96f30.dir/build]
  ignore line: [make[1]: Entering directory `/home/yoyo/Desktop/LSV/pa2/LSV_pa/CMakeFiles/CMakeTmp']
  ignore line: [Building CXX object CMakeFiles/cmTC_96f30.dir/CMakeCXXCompilerABI.cpp.o]
  ignore line: [/usr/bin/c++     -o CMakeFiles/cmTC_96f30.dir/CMakeCXXCompilerABI.cpp.o -c /usr/local/share/cmake-3.9/Modules/CMakeCXXCompilerABI.cpp]
  ignore line: [Linking CXX executable cmTC_96f30]
  ignore line: [/usr/local/bin/cmake -E cmake_link_script CMakeFiles/cmTC_96f30.dir/link.txt --verbose=1]
  ignore line: [/usr/bin/c++      -v -rdynamic CMakeFiles/cmTC_96f30.dir/CMakeCXXCompilerABI.cpp.o  -o cmTC_96f30 ]
  ignore line: [Using built-in specs.]
  ignore line: [COLLECT_GCC=/usr/bin/c++]
  ignore line: [COLLECT_LTO_WRAPPER=/usr/lib/gcc/x86_64-linux-gnu/6/lto-wrapper]
  ignore line: [Target: x86_64-linux-gnu]
  ignore line: [Configured with: ../src/configure -v --with-pkgversion='Ubuntu/Linaro 6.3.0-18ubuntu2~14.04' --with-bugurl=file:///usr/share/doc/gcc-6/README.Bugs --enable-languages=c,ada,c++,java,go,d,fortran,objc,obj-c++ --prefix=/usr --program-suffix=-6 --program-prefix=x86_64-linux-gnu- --enable-shared --enable-linker-build-id --libexecdir=/usr/lib --without-included-gettext --enable-threads=posix --libdir=/usr/lib --enable-nls --with-sysroot=/ --enable-clocale=gnu --enable-libstdcxx-debug --enable-libstdcxx-time=yes --with-default-libstdcxx-abi=gcc4-compatible --disable-libstdcxx-dual-abi --enable-gnu-unique-object --disable-vtable-verify --enable-libmpx --enable-plugin --with-system-zlib --disable-browser-plugin --enable-java-awt=gtk --enable-gtk-cairo --with-java-home=/usr/lib/jvm/java-1.5.0-gcj-6-amd64/jre --enable-java-home --with-jvm-root-dir=/usr/lib/jvm/java-1.5.0-gcj-6-amd64 --with-jvm-jar-dir=/usr/lib/jvm-exports/java-1.5.0-gcj-6-amd64 --with-arch-directory=amd64 --with-ecj-jar=/usr/share/java/eclipse-ecj.jar --with-target-system-zlib --enable-objc-gc=auto --enable-multiarch --disable-werror --with-arch-32=i686 --with-abi=m64 --with-multilib-list=m32,m64,mx32 --enable-multilib --with-tune=generic --enable-checking=release --build=x86_64-linux-gnu --host=x86_64-linux-gnu --target=x86_64-linux-gnu]
  ignore line: [Thread model: posix]
  ignore line: [gcc version 6.3.0 20170519 (Ubuntu/Linaro 6.3.0-18ubuntu2~14.04) ]
  ignore line: [COMPILER_PATH=/usr/lib/gcc/x86_64-linux-gnu/6/:/usr/lib/gcc/x86_64-linux-gnu/6/:/usr/lib/gcc/x86_64-linux-gnu/:/usr/lib/gcc/x86_64-linux-gnu/6/:/usr/lib/gcc/x86_64-linux-gnu/]
  ignore line: [LIBRARY_PATH=/usr/lib/gcc/x86_64-linux-gnu/6/:/usr/lib/gcc/x86_64-linux-gnu/6/../../../x86_64-linux-gnu/:/usr/lib/gcc/x86_64-linux-gnu/6/../../../../lib/:/lib/x86_64-linux-gnu/:/lib/../lib/:/usr/lib/x86_64-linux-gnu/:/usr/lib/../lib/:/usr/lib/gcc/x86_64-linux-gnu/6/../../../:/lib/:/usr/lib/]
  ignore line: [COLLECT_GCC_OPTIONS='-v' '-rdynamic' '-o' 'cmTC_96f30' '-shared-libgcc' '-mtune=generic' '-march=x86-64']
  link line: [ /usr/lib/gcc/x86_64-linux-gnu/6/collect2 -plugin /usr/lib/gcc/x86_64-linux-gnu/6/liblto_plugin.so -plugin-opt=/usr/lib/gcc/x86_64-linux-gnu/6/lto-wrapper -plugin-opt=-fresolution=/tmp/cchL9OaB.res -plugin-opt=-pass-through=-lgcc_s -plugin-opt=-pass-through=-lgcc -plugin-opt=-pass-through=-lc -plugin-opt=-pass-through=-lgcc_s -plugin-opt=-pass-through=-lgcc --sysroot=/ --build-id --eh-frame-hdr -m elf_x86_64 --hash-style=gnu --as-needed -export-dynamic -dynamic-linker /lib64/ld-linux-x86-64.so.2 -z relro -o cmTC_96f30 /usr/lib/gcc/x86_64-linux-gnu/6/../../../x86_64-linux-gnu/crt1.o /usr/lib/gcc/x86_64-linux-gnu/6/../../../x86_64-linux-gnu/crti.o /usr/lib/gcc/x86_64-linux-gnu/6/crtbegin.o -L/usr/lib/gcc/x86_64-linux-gnu/6 -L/usr/lib/gcc/x86_64-linux-gnu/6/../../../x86_64-linux-gnu -L/usr/lib/gcc/x86_64-linux-gnu/6/../../../../lib -L/lib/x86_64-linux-gnu -L/lib/../lib -L/usr/lib/x86_64-linux-gnu -L/usr/lib/../lib -L/usr/lib/gcc/x86_64-linux-gnu/6/../../.. CMakeFiles/cmTC_96f30.dir/CMakeCXXCompilerABI.cpp.o -lstdc++ -lm -lgcc_s -lgcc -lc -lgcc_s -lgcc /usr/lib/gcc/x86_64-linux-gnu/6/crtend.o /usr/lib/gcc/x86_64-linux-gnu/6/../../../x86_64-linux-gnu/crtn.o]
    arg [/usr/lib/gcc/x86_64-linux-gnu/6/collect2] ==> ignore
    arg [-plugin] ==> ignore
    arg [/usr/lib/gcc/x86_64-linux-gnu/6/liblto_plugin.so] ==> ignore
    arg [-plugin-opt=/usr/lib/gcc/x86_64-linux-gnu/6/lto-wrapper] ==> ignore
    arg [-plugin-opt=-fresolution=/tmp/cchL9OaB.res] ==> ignore
    arg [-plugin-opt=-pass-through=-lgcc_s] ==> ignore
    arg [-plugin-opt=-pass-through=-lgcc] ==> ignore
    arg [-plugin-opt=-pass-through=-lc] ==> ignore
    arg [-plugin-opt=-pass-through=-lgcc_s] ==> ignore
    arg [-plugin-opt=-pass-through=-lgcc] ==> ignore
    arg [--sysroot=/] ==> ignore
    arg [--build-id] ==> ignore
    arg [--eh-frame-hdr] ==> ignore
    arg [-m] ==> ignore
    arg [elf_x86_64] ==> ignore
    arg [--hash-style=gnu] ==> ignore
    arg [--as-needed] ==> ignore
    arg [-export-dynamic] ==> ignore
    arg [-dynamic-linker] ==> ignore
    arg [/lib64/ld-linux-x86-64.so.2] ==> ignore
    arg [-zrelro] ==> ignore
    arg [-o] ==> ignore
    arg [cmTC_96f30] ==> ignore
    arg [/usr/lib/gcc/x86_64-linux-gnu/6/../../../x86_64-linux-gnu/crt1.o] ==> ignore
    arg [/usr/lib/gcc/x86_64-linux-gnu/6/../../../x86_64-linux-gnu/crti.o] ==> ignore
    arg [/usr/lib/gcc/x86_64-linux-gnu/6/crtbegin.o] ==> ignore
    arg [-L/usr/lib/gcc/x86_64-linux-gnu/6] ==> dir [/usr/lib/gcc/x86_64-linux-gnu/6]
    arg [-L/usr/lib/gcc/x86_64-linux-gnu/6/../../../x86_64-linux-gnu] ==> dir [/usr/lib/gcc/x86_64-linux-gnu/6/../../../x86_64-linux-gnu]
    arg [-L/usr/lib/gcc/x86_64-linux-gnu/6/../../../../lib] ==> dir [/usr/lib/gcc/x86_64-linux-gnu/6/../../../../lib]
    arg [-L/lib/x86_64-linux-gnu] ==> dir [/lib/x86_64-linux-gnu]
    arg [-L/lib/../lib] ==> dir [/lib/../lib]
    arg [-L/usr/lib/x86_64-linux-gnu] ==> dir [/usr/lib/x86_64-linux-gnu]
    arg [-L/usr/lib/../lib] ==> dir [/usr/lib/../lib]
    arg [-L/usr/lib/gcc/x86_64-linux-gnu/6/../../..] ==> dir [/usr/lib/gcc/x86_64-linux-gnu/6/../../..]
    arg [CMakeFiles/cmTC_96f30.dir/CMakeCXXCompilerABI.cpp.o] ==> ignore
    arg [-lstdc++] ==> lib [stdc++]
    arg [-lm] ==> lib [m]
    arg [-lgcc_s] ==> lib [gcc_s]
    arg [-lgcc] ==> lib [gcc]
    arg [-lc] ==> lib [c]
    arg [-lgcc_s] ==> lib [gcc_s]
    arg [-lgcc] ==> lib [gcc]
    arg [/usr/lib/gcc/x86_64-linux-gnu/6/crtend.o] ==> ignore
    arg [/usr/lib/gcc/x86_64-linux-gnu/6/../../../x86_64-linux-gnu/crtn.o] ==> ignore
  collapse library dir [/usr/lib/gcc/x86_64-linux-gnu/6] ==> [/usr/lib/gcc/x86_64-linux-gnu/6]
  collapse library dir [/usr/lib/gcc/x86_64-linux-gnu/6/../../../x86_64-linux-gnu] ==> [/usr/lib/x86_64-linux-gnu]
  collapse library dir [/usr/lib/gcc/x86_64-linux-gnu/6/../../../../lib] ==> [/usr/lib]
  collapse library dir [/lib/x86_64-linux-gnu] ==> [/lib/x86_64-linux-gnu]
  collapse library dir [/lib/../lib] ==> [/lib]
  collapse library dir [/usr/lib/x86_64-linux-gnu] ==> [/usr/lib/x86_64-linux-gnu]
  collapse library dir [/usr/lib/../lib] ==> [/usr/lib]
  collapse library dir [/usr/lib/gcc/x86_64-linux-gnu/6/../../..] ==> [/usr/lib]
  implicit libs: [stdc++;m;gcc_s;gcc;c;gcc_s;gcc]
  implicit dirs: [/usr/lib/gcc/x86_64-linux-gnu/6;/usr/lib/x86_64-linux-gnu;/usr/lib;/lib/x86_64-linux-gnu;/lib]
  implicit fwks: []




Detecting CXX [-std=c++1z] compiler features compiled with the following output:
Change Dir: /home/yoyo/Desktop/LSV/pa2/LSV_pa/CMakeFiles/CMakeTmp

Run Build Command:"/usr/bin/make" "cmTC_c67df/fast"
/usr/bin/make -f CMakeFiles/cmTC_c67df.dir/build.make CMakeFiles/cmTC_c67df.dir/build
make[1]: Entering directory `/home/yoyo/Desktop/LSV/pa2/LSV_pa/CMakeFiles/CMakeTmp'
Building CXX object CMakeFiles/cmTC_c67df.dir/feature_tests.cxx.o
/usr/bin/c++    -std=c++1z -o CMakeFiles/cmTC_c67df.dir/feature_tests.cxx.o -c /home/yoyo/Desktop/LSV/pa2/LSV_pa/CMakeFiles/feature_tests.cxx
Linking CXX executable cmTC_c67df
/usr/local/bin/cmake -E cmake_link_script CMakeFiles/cmTC_c67df.dir/link.txt --verbose=1
/usr/bin/c++       -rdynamic CMakeFiles/cmTC_c67df.dir/feature_tests.cxx.o  -o cmTC_c67df 
make[1]: Leaving directory `/home/yoyo/Desktop/LSV/pa2/LSV_pa/CMakeFiles/CMakeTmp'


    Feature record: CXX_FEATURE:1cxx_aggregate_default_initializers
    Feature record: CXX_FEATURE:1cxx_alias_templates
    Feature record: CXX_FEATURE:1cxx_alignas
    Feature record: CXX_FEATURE:1cxx_alignof
    Feature record: CXX_FEATURE:1cxx_attributes
    Feature record: CXX_FEATURE:1cxx_attribute_deprecated
    Feature record: CXX_FEATURE:1cxx_auto_type
    Feature record: CXX_FEATURE:1cxx_binary_literals
    Feature record: CXX_FEATURE:1cxx_constexpr
    Feature record: CXX_FEATURE:1cxx_contextual_conversions
    Feature record: CXX_FEATURE:1cxx_decltype
    Feature record: CXX_FEATURE:1cxx_decltype_auto
    Feature record: CXX_FEATURE:1cxx_decltype_incomplete_return_types
    Feature record: CXX_FEATURE:1cxx_default_function_template_args
    Feature record: CXX_FEATURE:1cxx_defaulted_functions
    Feature record: CXX_FEATURE:1cxx_defaulted_move_initializers
    Feature record: CXX_FEATURE:1cxx_delegating_constructors
    Feature record: CXX_FEATURE:1cxx_deleted_functions
    Feature record: CXX_FEATURE:1cxx_digit_separators
    Feature record: CXX_FEATURE:1cxx_enum_forward_declarations
    Feature record: CXX_FEATURE:1cxx_explicit_conversions
    Feature record: CXX_FEATURE:1cxx_extended_friend_declarations
    Feature record: CXX_FEATURE:1cxx_extern_templates
    Feature record: CXX_FEATURE:1cxx_final
    Feature record: CXX_FEATURE:1cxx_func_identifier
    Feature record: CXX_FEATURE:1cxx_generalized_initializers
    Feature record: CXX_FEATURE:1cxx_generic_lambdas
    Feature record: CXX_FEATURE:1cxx_inheriting_constructors
    Feature record: CXX_FEATURE:1cxx_inline_namespaces
    Feature record: CXX_FEATURE:1cxx_lambdas
    Feature record: CXX_FEATURE:1cxx_lambda_init_captures
    Feature record: CXX_FEATURE:1cxx_local_type_template_args
    Feature record: CXX_FEATURE:1cxx_long_long_type
    Feature record: CXX_FEATURE:1cxx_noexcept
    Feature record: CXX_FEATURE:1cxx_nonstatic_member_init
    Feature record: CXX_FEATURE:1cxx_nullptr
    Feature record: CXX_FEATURE:1cxx_override
    Feature record: CXX_FEATURE:1cxx_range_for
    Feature record: CXX_FEATURE:1cxx_raw_string_literals
    Feature record: CXX_FEATURE:1cxx_reference_qualified_functions
    Feature record: CXX_FEATURE:1cxx_relaxed_constexpr
    Feature record: CXX_FEATURE:1cxx_return_type_deduction
    Feature record: CXX_FEATURE:1cxx_right_angle_brackets
    Feature record: CXX_FEATURE:1cxx_rvalue_references
    Feature record: CXX_FEATURE:1cxx_sizeof_member
    Feature record: CXX_FEATURE:1cxx_static_assert
    Feature record: CXX_FEATURE:1cxx_strong_enums
    Feature record: CXX_FEATURE:1cxx_template_template_parameters
    Feature record: CXX_FEATURE:1cxx_thread_local
    Feature record: CXX_FEATURE:1cxx_trailing_return_types
    Feature record: CXX_FEATURE:1cxx_unicode_literals
    Feature record: CXX_FEATURE:1cxx_uniform_initialization
    Feature record: CXX_FEATURE:1cxx_unrestricted_unions
    Feature record: CXX_FEATURE:1cxx_user_literals
    Feature record: CXX_FEATURE:1cxx_variable_templates
    Feature record: CXX_FEATURE:1cxx_variadic_macros
    Feature record: CXX_FEATURE:1cxx_variadic_templates


Detecting CXX [-std=c++14] compiler features compiled with the following output:
Change Dir: /home/yoyo/Desktop/LSV/pa2/LSV_pa/CMakeFiles/CMakeTmp

Run Build Command:"/usr/bin/make" "cmTC_d2b53/fast"
/usr/bin/make -f CMakeFiles/cmTC_d2b53.dir/build.make CMakeFiles/cmTC_d2b53.dir/build
make[1]: Entering directory `/home/yoyo/Desktop/LSV/pa2/LSV_pa/CMakeFiles/CMakeTmp'
Building CXX object CMakeFiles/cmTC_d2b53.dir/feature_tests.cxx.o
/usr/bin/c++    -std=c++14 -o CMakeFiles/cmTC_d2b53.dir/feature_tests.cxx.o -c /home/yoyo/Desktop/LSV/pa2/LSV_pa/CMakeFiles/feature_tests.cxx
Linking CXX executable cmTC_d2b53
/usr/local/bin/cmake -E cmake_link_script CMakeFiles/cmTC_d2b53.dir/link.txt --verbose=1
/usr/bin/c++       -rdynamic CMakeFiles/cmTC_d2b53.dir/feature_tests.cxx.o  -o cmTC_d2b53 
make[1]: Leaving directory `/home/yoyo/Desktop/LSV/pa2/LSV_pa/CMakeFiles/CMakeTmp'


    Feature record: CXX_FEATURE:1cxx_aggregate_default_initializers
    Feature record: CXX_FEATURE:1cxx_alias_templates
    Feature record: CXX_FEATURE:1cxx_alignas
    Feature record: CXX_FEATURE:1cxx_alignof
    Feature record: CXX_FEATURE:1cxx_attributes
    Feature record: CXX_FEATURE:1cxx_attribute_deprecated
    Feature record: CXX_FEATURE:1cxx_auto_type
    Feature record: CXX_FEATURE:1cxx_binary_literals
    Feature record: CXX_FEATURE:1cxx_constexpr
    Feature record: CXX_FEATURE:1cxx_contextual_conversions
    Feature record: CXX_FEATURE:1cxx_decltype
    Feature record: CXX_FEATURE:1cxx_decltype_auto
    Feature record: CXX_FEATURE:1cxx_decltype_incomplete_return_types
    Feature record: CXX_FEATURE:1cxx_default_function_template_args
    Feature record: CXX_FEATURE:1cxx_defaulted_functions
    Feature record: CXX_FEATURE:1cxx_defaulted_move_initializers
    Feature record: CXX_FEATURE:1cxx_delegating_constructors
    Feature record: CXX_FEATURE:1cxx_deleted_functions
    Feature record: CXX_FEATURE:1cxx_digit_separators
    Feature record: CXX_FEATURE:1cxx_enum_forward_declarations
    Feature record: CXX_FEATURE:1cxx_explicit_conversions
    Feature record: CXX_FEATURE:1cxx_extended_friend_declarations
    Feature record: CXX_FEATURE:1cxx_extern_templates
    Feature record: CXX_FEATURE:1cxx_final
    Feature record: CXX_FEATURE:1cxx_func_identifier
    Feature record: CXX_FEATURE:1cxx_generalized_initializers
    Feature record: CXX_FEATURE:1cxx_generic_lambdas
    Feature record: CXX_FEATURE:1cxx_inheriting_constructors
    Feature record: CXX_FEATURE:1cxx_inline_namespaces
    Feature record: CXX_FEATURE:1cxx_lambdas
    Feature record: CXX_FEATURE:1cxx_lambda_init_captures
    Feature record: CXX_FEATURE:1cxx_local_type_template_args
    Feature record: CXX_FEATURE:1cxx_long_long_type
    Feature record: CXX_FEATURE:1cxx_noexcept
    Feature record: CXX_FEATURE:1cxx_nonstatic_member_init
    Feature record: CXX_FEATURE:1cxx_nullptr
    Feature record: CXX_FEATURE:1cxx_override
    Feature record: CXX_FEATURE:1cxx_range_for
    Feature record: CXX_FEATURE:1cxx_raw_string_literals
    Feature record: CXX_FEATURE:1cxx_reference_qualified_functions
    Feature record: CXX_FEATURE:1cxx_relaxed_constexpr
    Feature record: CXX_FEATURE:1cxx_return_type_deduction
    Feature record: CXX_FEATURE:1cxx_right_angle_brackets
    Feature record: CXX_FEATURE:1cxx_rvalue_references
    Feature record: CXX_FEATURE:1cxx_sizeof_member
    Feature record: CXX_FEATURE:1cxx_static_assert
    Feature record: CXX_FEATURE:1cxx_strong_enums
    Feature record: CXX_FEATURE:1cxx_template_template_parameters
    Feature record: CXX_FEATURE:1cxx_thread_local
    Feature record: CXX_FEATURE:1cxx_trailing_return_types
    Feature record: CXX_FEATURE:1cxx_unicode_literals
    Feature record: CXX_FEATURE:1cxx_uniform_initialization
    Feature record: CXX_FEATURE:1cxx_unrestricted_unions
    Feature record: CXX_FEATURE:1cxx_user_literals
    Feature record: CXX_FEATURE:1cxx_variable_templates
    Feature record: CXX_FEATURE:1cxx_variadic_macros
    Feature record: CXX_FEATURE:1cxx_variadic_templates


Detecting CXX [-std=c++11] compiler features compiled with the following output:
Change Dir: /home/yoyo/Desktop/LSV/pa2/LSV_pa/CMakeFiles/CMakeTmp

Run Build Command:"/usr/bin/make" "cmTC_876fe/fast"
/usr/bin/make -f CMakeFiles/cmTC_876fe.dir/build.make CMakeFiles/cmTC_876fe.dir/build
make[1]: Entering directory `/home/yoyo/Desktop/LSV/pa2/LSV_pa/CMakeFiles/CMakeTmp'
Building CXX object CMakeFiles/cmTC_876fe.dir/feature_tests.cxx.o
/usr/bin/c++    -std=c++11 -o CMakeFiles/cmTC_876fe.dir/feature_tests.cxx.o -c /home/yoyo/Desktop/LSV/pa2/LSV_pa/CMakeFiles/feature_tests.cxx
Linking CXX executable cmTC_876fe
/usr/local/bin/cmake -E cmake_link_script CMakeFiles/cmTC_876fe.dir/link.txt --verbose=1
/usr/bin/c++       -rdynamic CMakeFiles/cmTC_876fe.dir/feature_tests.cxx.o  -o cmTC_876fe 
make[1]: Leaving directory `/home/yoyo/Desktop/LSV/pa2/LSV_pa/CMakeFiles/CMakeTmp'


    Feature record: CXX_FEATURE:0cxx_aggregate_default_initializers
    Feature record: CXX_FEATURE:1cxx_alias_templates
    Feature record: CXX_FEATURE:1cxx_alignas
    Feature record: CXX_FEATURE:1cxx_alignof
    Feature record: CXX_FEATURE:1cxx_attributes
    Feature record: CXX_FEATURE:0cxx_attribute_deprecated
    Feature record: CXX_FEATURE:1cxx_auto_type
    Feature record: CXX_FEATURE:0cxx_binary_literals
    Feature record: CXX_FEATURE:1cxx_constexpr
    Feature record: CXX_FEATURE:0cxx_contextual_conversions
    Feature record: CXX_FEATURE:1cxx_decltype
    Feature record: CXX_FEATURE:0cxx_decltype_auto
    Feature record: CXX_FEATURE:1cxx_decltype_incomplete_return_types
    Feature record: CXX_FEATURE:1cxx_default_function_template_args
    Feature record: CXX_FEATURE:1cxx_defaulted_functions
    Feature record: CXX_FEATURE:1cxx_defaulted_move_initializers
    Feature record: CXX_FEATURE:1cxx_delegating_constructors
    Feature record: CXX_FEATURE:1cxx_deleted_functions
    Feature record: CXX_FEATURE:0cxx_digit_separators
    Feature record: CXX_FEATURE:1cxx_enum_forward_declarations
    Feature record: CXX_FEATURE:1cxx_explicit_conversions
    Feature record: CXX_FEATURE:1cxx_extended_friend_declarations
    Feature record: CXX_FEATURE:1cxx_extern_templates
    Feature record: CXX_FEATURE:1cxx_final
    Feature record: CXX_FEATURE:1cxx_func_identifier
    Feature record: CXX_FEATURE:1cxx_generalized_initializers
    Feature record: CXX_FEATURE:0cxx_generic_lambdas
    Feature record: CXX_FEATURE:1cxx_inheriting_constructors
    Feature record: CXX_FEATURE:1cxx_inline_namespaces
    Feature record: CXX_FEATURE:1cxx_lambdas
    Feature record: CXX_FEATURE:0cxx_lambda_init_captures
    Feature record: CXX_FEATURE:1cxx_local_type_template_args
    Feature record: CXX_FEATURE:1cxx_long_long_type
    Feature record: CXX_FEATURE:1cxx_noexcept
    Feature record: CXX_FEATURE:1cxx_nonstatic_member_init
    Feature record: CXX_FEATURE:1cxx_nullptr
    Feature record: CXX_FEATURE:1cxx_override
    Feature record: CXX_FEATURE:1cxx_range_for
    Feature record: CXX_FEATURE:1cxx_raw_string_literals
    Feature record: CXX_FEATURE:1cxx_reference_qualified_functions
    Feature record: CXX_FEATURE:0cxx_relaxed_constexpr
    Feature record: CXX_FEATURE:0cxx_return_type_deduction
    Feature record: CXX_FEATURE:1cxx_right_angle_brackets
    Feature record: CXX_FEATURE:1cxx_rvalue_references
    Feature record: CXX_FEATURE:1cxx_sizeof_member
    Feature record: CXX_FEATURE:1cxx_static_assert
    Feature record: CXX_FEATURE:1cxx_strong_enums
    Feature record: CXX_FEATURE:1cxx_template_template_parameters
    Feature record: CXX_FEATURE:1cxx_thread_local
    Feature record: CXX_FEATURE:1cxx_trailing_return_types
    Feature record: CXX_FEATURE:1cxx_unicode_literals
    Feature record: CXX_FEATURE:1cxx_uniform_initialization
    Feature record: CXX_FEATURE:1cxx_unrestricted_unions
    Feature record: CXX_FEATURE:1cxx_user_literals
    Feature record: CXX_FEATURE:0cxx_variable_templates
    Feature record: CXX_FEATURE:1cxx_variadic_macros
    Feature record: CXX_FEATURE:1cxx_variadic_templates


Detecting CXX [-std=c++98] compiler features compiled with the following output:
Change Dir: /home/yoyo/Desktop/LSV/pa2/LSV_pa/CMakeFiles/CMakeTmp

Run Build Command:"/usr/bin/make" "cmTC_d725f/fast"
/usr/bin/make -f CMakeFiles/cmTC_d725f.dir/build.make CMakeFiles/cmTC_d725f.dir/build
make[1]: Entering directory `/home/yoyo/Desktop/LSV/pa2/LSV_pa/CMakeFiles/CMakeTmp'
Building CXX object CMakeFiles/cmTC_d725f.dir/feature_tests.cxx.o
/usr/bin/c++    -std=c++98 -o CMakeFiles/cmTC_d725f.dir/feature_tests.cxx.o -c /home/yoyo/Desktop/LSV/pa2/LSV_pa/CMakeFiles/feature_tests.cxx
Linking CXX executable cmTC_d725f
/usr/local/bin/cmake -E cmake_link_script CMakeFiles/cmTC_d725f.dir/link.txt --verbose=1
/usr/bin/c++       -rdynamic CMakeFiles/cmTC_d725f.dir/feature_tests.cxx.o  -o cmTC_d725f 
make[1]: Leaving directory `/home/yoyo/Desktop/LSV/pa2/LSV_pa/CMakeFiles/CMakeTmp'


    Feature record: CXX_FEATURE:0cxx_aggregate_default_initializers
    Feature record: CXX_FEATURE:0cxx_alias_templates
    Feature record: CXX_FEATURE:0cxx_alignas
    Feature record: CXX_FEATURE:0cxx_alignof
    Feature record: CXX_FEATURE:0cxx_attributes
    Feature record: CXX_FEATURE:0cxx_attribute_deprecated
    Feature record: CXX_FEATURE:0cxx_auto_type
    Feature record: CXX_FEATURE:0cxx_binary_literals
    Feature record: CXX_FEATURE:0cxx_constexpr
    Feature record: CXX_FEATURE:0cxx_contextual_conversions
    Feature record: CXX_FEATURE:0cxx_decltype
    Feature record: CXX_FEATURE:0cxx_decltype_auto
    Feature record: CXX_FEATURE:0cxx_decltype_incomplete_return_types
    Feature record: CXX_FEATURE:0cxx_default_function_template_args
    Feature record: CXX_FEATURE:0cxx_defaulted_functions
    Feature record: CXX_FEATURE:0cxx_defaulted_move_initializers
    Feature record: CXX_FEATURE:0cxx_delegating_constructors
    Feature record: CXX_FEATURE:0cxx_deleted_functions
    Feature record: CXX_FEATURE:0cxx_digit_separators
    Feature record: CXX_FEATURE:0cxx_enum_forward_declarations
    Feature record: CXX_FEATURE:0cxx_explicit_conversions
    Feature record: CXX_FEATURE:0cxx_extended_friend_declarations
    Feature record: CXX_FEATURE:0cxx_extern_templates
    Feature record: CXX_FEATURE:0cxx_final
    Feature record: CXX_FEATURE:0cxx_func_identifier
    Feature record: CXX_FEATURE:0cxx_generalized_initializers
    Feature record: CXX_FEATURE:0cxx_generic_lambdas
    Feature record: CXX_FEATURE:0cxx_inheriting_constructors
    Feature record: CXX_FEATURE:0cxx_inline_namespaces
    Feature record: CXX_FEATURE:0cxx_lambdas
    Feature record: CXX_FEATURE:0cxx_lambda_init_captures
    Feature record: CXX_FEATURE:0cxx_local_type_template_args
    Feature record: CXX_FEATURE:0cxx_long_long_type
    Feature record: CXX_FEATURE:0cxx_noexcept
    Feature record: CXX_FEATURE:0cxx_nonstatic_member_init
    Feature record: CXX_FEATURE:0cxx_nullptr
    Feature record: CXX_FEATURE:0cxx_override
    Feature record: CXX_FEATURE:0cxx_range_for
    Feature record: CXX_FEATURE:0cxx_raw_string_literals
    Feature record: CXX_FEATURE:0cxx_reference_qualified_functions
    Feature record: CXX_FEATURE:0cxx_relaxed_constexpr
    Feature record: CXX_FEATURE:0cxx_return_type_deduction
    Feature record: CXX_FEATURE:0cxx_right_angle_brackets
    Feature record: CXX_FEATURE:0cxx_rvalue_references
    Feature record: CXX_FEATURE:0cxx_sizeof_member
    Feature record: CXX_FEATURE:0cxx_static_assert
    Feature record: CXX_FEATURE:0cxx_strong_enums
    Feature record: CXX_FEATURE:1cxx_template_template_parameters
    Feature record: CXX_FEATURE:0cxx_thread_local
    Feature record: CXX_FEATURE:0cxx_trailing_return_types
    Feature record: CXX_FEATURE:0cxx_unicode_literals
    Feature record: CXX_FEATURE:0cxx_uniform_initialization
    Feature record: CXX_FEATURE:0cxx_unrestricted_unions
    Feature record: CXX_FEATURE:0cxx_user_literals
    Feature record: CXX_FEATURE:0cxx_variable_templates
    Feature record: CXX_FEATURE:0cxx_variadic_macros
    Feature record: CXX_FEATURE:0cxx_variadic_templates
Performing C SOURCE FILE Test C_COMPILER_SUPPORTS__-Wall succeeded with the following output:
Change Dir: /home/yoyo/Desktop/LSV/pa2/LSV_pa/CMakeFiles/CMakeTmp

Run Build Command:"/usr/bin/make" "cmTC_29212/fast"
/usr/bin/make -f CMakeFiles/cmTC_29212.dir/build.make CMakeFiles/cmTC_29212.dir/build
make[1]: Entering directory `/home/yoyo/Desktop/LSV/pa2/LSV_pa/CMakeFiles/CMakeTmp'
Building C object CMakeFiles/cmTC_29212.dir/src.c.o
/usr/bin/cc   -DC_COMPILER_SUPPORTS__-Wall   -Wall -o CMakeFiles/cmTC_29212.dir/src.c.o   -c /home/yoyo/Desktop/LSV/pa2/LSV_pa/CMakeFiles/CMakeTmp/src.c
<command-line>:0:22: warning: ISO C99 requires whitespace after the macro name
Linking C executable cmTC_29212
/usr/local/bin/cmake -E cmake_link_script CMakeFiles/cmTC_29212.dir/link.txt --verbose=1
/usr/bin/cc  -DC_COMPILER_SUPPORTS__-Wall    -rdynamic CMakeFiles/cmTC_29212.dir/src.c.o  -o cmTC_29212 
make[1]: Leaving directory `/home/yoyo/Desktop/LSV/pa2/LSV_pa/CMakeFiles/CMakeTmp'

Source file was:
int main(void) { return 0; }
Performing C++ SOURCE FILE Test CXX_COMPILER_SUPPORTS__-Wall succeeded with the following output:
Change Dir: /home/yoyo/Desktop/LSV/pa2/LSV_pa/CMakeFiles/CMakeTmp

Run Build Command:"/usr/bin/make" "cmTC_42a7a/fast"
/usr/bin/make -f CMakeFiles/cmTC_42a7a.dir/build.make CMakeFiles/cmTC_42a7a.dir/build
make[1]: Entering directory `/home/yoyo/Desktop/LSV/pa2/LSV_pa/CMakeFiles/CMakeTmp'
Building CXX object CMakeFiles/cmTC_42a7a.dir/src.cxx.o
/usr/bin/c++    -DCXX_COMPILER_SUPPORTS__-Wall   -Wall -o CMakeFiles/cmTC_42a7a.dir/src.cxx.o -c /home/yoyo/Desktop/LSV/pa2/LSV_pa/CMakeFiles/CMakeTmp/src.cxx
<command-line>:0:24: warning: ISO C++11 requires whitespace after the macro name
Linking CXX executable cmTC_42a7a
/usr/local/bin/cmake -E cmake_link_script CMakeFiles/cmTC_42a7a.dir/link.txt --verbose=1
/usr/bin/c++   -DCXX_COMPILER_SUPPORTS__-Wall    -rdynamic CMakeFiles/cmTC_42a7a.dir/src.cxx.o  -o cmTC_42a7a 
make[1]: Leaving directory `/home/yoyo/Desktop/LSV/pa2/LSV_pa/CMakeFiles/CMakeTmp'

Source file was:
int main() { return 0; }
Performing C SOURCE FILE Test C_COMPILER_SUPPORTS__-Wno-unused-function succeeded with the following output:
Change Dir: /home/yoyo/Desktop/LSV/pa2/LSV_pa/CMakeFiles/CMakeTmp

Run Build Command:"/usr/bin/make" "cmTC_408b1/fast"
/usr/bin/make -f CMakeFiles/cmTC_408b1.dir/build.make CMakeFiles/cmTC_408b1.dir/build
make[1]: Entering directory `/home/yoyo/Desktop/LSV/pa2/LSV_pa/CMakeFiles/CMakeTmp'
Building C object CMakeFiles/cmTC_408b1.dir/src.c.o
/usr/bin/cc   -DC_COMPILER_SUPPORTS__-Wno-unused-function   -Wno-unused-function -o CMakeFiles/cmTC_408b1.dir/src.c.o   -c /home/yoyo/Desktop/LSV/pa2/LSV_pa/CMakeFiles/CMakeTmp/src.c
<command-line>:0:22: warning: ISO C99 requires whitespace after the macro name
Linking C executable cmTC_408b1
/usr/local/bin/cmake -E cmake_link_script CMakeFiles/cmTC_408b1.dir/link.txt --verbose=1
/usr/bin/cc  -DC_COMPILER_SUPPORTS__-Wno-unused-function    -rdynamic CMakeFiles/cmTC_408b1.dir/src.c.o  -o cmTC_408b1 
make[1]: Leaving directory `/home/yoyo/Desktop/LSV/pa2/LSV_pa/CMakeFiles/CMakeTmp'

Source file was:
int main(void) { return 0; }
Performing C++ SOURCE FILE Test CXX_COMPILER_SUPPORTS__-Wno-unused-function succeeded with the following output:
Change Dir: /home/yoyo/Desktop/LSV/pa2/LSV_pa/CMakeFiles/CMakeTmp

Run Build Command:"/usr/bin/make" "cmTC_46af5/fast"
/usr/bin/make -f CMakeFiles/cmTC_46af5.dir/build.make CMakeFiles/cmTC_46af5.dir/build
make[1]: Entering directory `/home/yoyo/Desktop/LSV/pa2/LSV_pa/CMakeFiles/CMakeTmp'
Building CXX object CMakeFiles/cmTC_46af5.dir/src.cxx.o
/usr/bin/c++    -DCXX_COMPILER_SUPPORTS__-Wno-unused-function   -Wno-unused-function -o CMakeFiles/cmTC_46af5.dir/src.cxx.o -c /home/yoyo/Desktop/LSV/pa2/LSV_pa/CMakeFiles/CMakeTmp/src.cxx
<command-line>:0:24: warning: ISO C++11 requires whitespace after the macro name
Linking CXX executable cmTC_46af5
/usr/local/bin/cmake -E cmake_link_script CMakeFiles/cmTC_46af5.dir/link.txt --verbose=1
/usr/bin/c++   -DCXX_COMPILER_SUPPORTS__-Wno-unused-function    -rdynamic CMakeFiles/cmTC_46af5.dir/src.cxx.o  -o cmTC_46af5 
make[1]: Leaving directory `/home/yoyo/Desktop/LSV/pa2/LSV_pa/CMakeFiles/CMakeTmp'

Source file was:
int main() { return 0; }
Performing C SOURCE FILE Test C_COMPILER_SUPPORTS__-Wno-write-strings succeeded with the following output:
Change Dir: /home/yoyo/Desktop/LSV/pa2/LSV_pa/CMakeFiles/CMakeTmp

Run Build Command:"/usr/bin/make" "cmTC_a3a59/fast"
/usr/bin/make -f CMakeFiles/cmTC_a3a59.dir/build.make CMakeFiles/cmTC_a3a59.dir/build
make[1]: Entering directory `/home/yoyo/Desktop/LSV/pa2/LSV_pa/CMakeFiles/CMakeTmp'
Building C object CMakeFiles/cmTC_a3a59.dir/src.c.o
/usr/bin/cc   -DC_COMPILER_SUPPORTS__-Wno-write-strings   -Wno-write-strings -o CMakeFiles/cmTC_a3a59.dir/src.c.o   -c /home/yoyo/Desktop/LSV/pa2/LSV_pa/CMakeFiles/CMakeTmp/src.c
<command-line>:0:22: warning: ISO C99 requires whitespace after the macro name
Linking C executable cmTC_a3a59
/usr/local/bin/cmake -E cmake_link_script CMakeFiles/cmTC_a3a59.dir/link.txt --verbose=1
/usr/bin/cc  -DC_COMPILER_SUPPORTS__-Wno-write-strings    -rdynamic CMakeFiles/cmTC_a3a59.dir/src.c.o  -o cmTC_a3a59 
make[1]: Leaving directory `/home/yoyo/Desktop/LSV/pa2/LSV_pa/CMakeFiles/CMakeTmp'

Source file was:
int main(void) { return 0; }
Performing C++ SOURCE FILE Test CXX_COMPILER_SUPPORTS__-Wno-write-strings succeeded with the following output:
Change Dir: /home/yoyo/Desktop/LSV/pa2/LSV_pa/CMakeFiles/CMakeTmp

Run Build Command:"/usr/bin/make" "cmTC_175ae/fast"
/usr/bin/make -f CMakeFiles/cmTC_175ae.dir/build.make CMakeFiles/cmTC_175ae.dir/build
make[1]: Entering directory `/home/yoyo/Desktop/LSV/pa2/LSV_pa/CMakeFiles/CMakeTmp'
Building CXX object CMakeFiles/cmTC_175ae.dir/src.cxx.o
/usr/bin/c++    -DCXX_COMPILER_SUPPORTS__-Wno-write-strings   -Wno-write-strings -o CMakeFiles/cmTC_175ae.dir/src.cxx.o -c /home/yoyo/Desktop/LSV/pa2/LSV_pa/CMakeFiles/CMakeTmp/src.cxx
<command-line>:0:24: warning: ISO C++11 requires whitespace after the macro name
Linking CXX executable cmTC_175ae
/usr/local/bin/cmake -E cmake_link_script CMakeFiles/cmTC_175ae.dir/link.txt --verbose=1
/usr/bin/c++   -DCXX_COMPILER_SUPPORTS__-Wno-write-strings    -rdynamic CMakeFiles/cmTC_175ae.dir/src.cxx.o  -o cmTC_175ae 
make[1]: Leaving directory `/home/yoyo/Desktop/LSV/pa2/LSV_pa/CMakeFiles/CMakeTmp'

Source file was:
int main() { return 0; }
Performing C SOURCE FILE Test C_COMPILER_SUPPORTS__-Wno-sign-compare succeeded with the following output:
Change Dir: /home/yoyo/Desktop/LSV/pa2/LSV_pa/CMakeFiles/CMakeTmp

Run Build Command:"/usr/bin/make" "cmTC_d8994/fast"
/usr/bin/make -f CMakeFiles/cmTC_d8994.dir/build.make CMakeFiles/cmTC_d8994.dir/build
make[1]: Entering directory `/home/yoyo/Desktop/LSV/pa2/LSV_pa/CMakeFiles/CMakeTmp'
Building C object CMakeFiles/cmTC_d8994.dir/src.c.o
/usr/bin/cc   -DC_COMPILER_SUPPORTS__-Wno-sign-compare   -Wno-sign-compare -o CMakeFiles/cmTC_d8994.dir/src.c.o   -c /home/yoyo/Desktop/LSV/pa2/LSV_pa/CMakeFiles/CMakeTmp/src.c
<command-line>:0:22: warning: ISO C99 requires whitespace after the macro name
Linking C executable cmTC_d8994
/usr/local/bin/cmake -E cmake_link_script CMakeFiles/cmTC_d8994.dir/link.txt --verbose=1
/usr/bin/cc  -DC_COMPILER_SUPPORTS__-Wno-sign-compare    -rdynamic CMakeFiles/cmTC_d8994.dir/src.c.o  -o cmTC_d8994 
make[1]: Leaving directory `/home/yoyo/Desktop/LSV/pa2/LSV_pa/CMakeFiles/CMakeTmp'

Source file was:
int main(void) { return 0; }
Performing C++ SOURCE FILE Test CXX_COMPILER_SUPPORTS__-Wno-sign-compare succeeded with the following output:
Change Dir: /home/yoyo/Desktop/LSV/pa2/LSV_pa/CMakeFiles/CMakeTmp

Run Build Command:"/usr/bin/make" "cmTC_902d7/fast"
/usr/bin/make -f CMakeFiles/cmTC_902d7.dir/build.make CMakeFiles/cmTC_902d7.dir/build
make[1]: Entering directory `/home/yoyo/Desktop/LSV/pa2/LSV_pa/CMakeFiles/CMakeTmp'
Building CXX object CMakeFiles/cmTC_902d7.dir/src.cxx.o
/usr/bin/c++    -DCXX_COMPILER_SUPPORTS__-Wno-sign-compare   -Wno-sign-compare -o CMakeFiles/cmTC_902d7.dir/src.cxx.o -c /home/yoyo/Desktop/LSV/pa2/LSV_pa/CMakeFiles/CMakeTmp/src.cxx
<command-line>:0:24: warning: ISO C++11 requires whitespace after the macro name
Linking CXX executable cmTC_902d7
/usr/local/bin/cmake -E cmake_link_script CMakeFiles/cmTC_902d7.dir/link.txt --verbose=1
/usr/bin/c++   -DCXX_COMPILER_SUPPORTS__-Wno-sign-compare    -rdynamic CMakeFiles/cmTC_902d7.dir/src.cxx.o  -o cmTC_902d7 
make[1]: Leaving directory `/home/yoyo/Desktop/LSV/pa2/LSV_pa/CMakeFiles/CMakeTmp'

Source file was:
int main() { return 0; }
Performing C SOURCE FILE Test C_COMPILER_SUPPORTS__-Wno-unused-but-set-variable succeeded with the following output:
Change Dir: /home/yoyo/Desktop/LSV/pa2/LSV_pa/CMakeFiles/CMakeTmp

Run Build Command:"/usr/bin/make" "cmTC_5be7c/fast"
/usr/bin/make -f CMakeFiles/cmTC_5be7c.dir/build.make CMakeFiles/cmTC_5be7c.dir/build
make[1]: Entering directory `/home/yoyo/Desktop/LSV/pa2/LSV_pa/CMakeFiles/CMakeTmp'
Building C object CMakeFiles/cmTC_5be7c.dir/src.c.o
/usr/bin/cc   -DC_COMPILER_SUPPORTS__-Wno-unused-but-set-variable   -Wno-unused-but-set-variable -o CMakeFiles/cmTC_5be7c.dir/src.c.o   -c /home/yoyo/Desktop/LSV/pa2/LSV_pa/CMakeFiles/CMakeTmp/src.c
<command-line>:0:22: warning: ISO C99 requires whitespace after the macro name
Linking C executable cmTC_5be7c
/usr/local/bin/cmake -E cmake_link_script CMakeFiles/cmTC_5be7c.dir/link.txt --verbose=1
/usr/bin/cc  -DC_COMPILER_SUPPORTS__-Wno-unused-but-set-variable    -rdynamic CMakeFiles/cmTC_5be7c.dir/src.c.o  -o cmTC_5be7c 
make[1]: Leaving directory `/home/yoyo/Desktop/LSV/pa2/LSV_pa/CMakeFiles/CMakeTmp'

Source file was:
int main(void) { return 0; }
Performing C++ SOURCE FILE Test CXX_COMPILER_SUPPORTS__-Wno-unused-but-set-variable succeeded with the following output:
Change Dir: /home/yoyo/Desktop/LSV/pa2/LSV_pa/CMakeFiles/CMakeTmp

Run Build Command:"/usr/bin/make" "cmTC_a86b1/fast"
/usr/bin/make -f CMakeFiles/cmTC_a86b1.dir/build.make CMakeFiles/cmTC_a86b1.dir/build
make[1]: Entering directory `/home/yoyo/Desktop/LSV/pa2/LSV_pa/CMakeFiles/CMakeTmp'
Building CXX object CMakeFiles/cmTC_a86b1.dir/src.cxx.o
/usr/bin/c++    -DCXX_COMPILER_SUPPORTS__-Wno-unused-but-set-variable   -Wno-unused-but-set-variable -o CMakeFiles/cmTC_a86b1.dir/src.cxx.o -c /home/yoyo/Desktop/LSV/pa2/LSV_pa/CMakeFiles/CMakeTmp/src.cxx
<command-line>:0:24: warning: ISO C++11 requires whitespace after the macro name
Linking CXX executable cmTC_a86b1
/usr/local/bin/cmake -E cmake_link_script CMakeFiles/cmTC_a86b1.dir/link.txt --verbose=1
/usr/bin/c++   -DCXX_COMPILER_SUPPORTS__-Wno-unused-but-set-variable    -rdynamic CMakeFiles/cmTC_a86b1.dir/src.cxx.o  -o cmTC_a86b1 
make[1]: Leaving directory `/home/yoyo/Desktop/LSV/pa2/LSV_pa/CMakeFiles/CMakeTmp'

Source file was:
int main() { return 0; }
