This file contains any messages produced by compilers while
running configure, to aid debugging if configure makes a mistake.

It was created by configure, which was
generated by GNU Autoconf 2.65.  Invocation command line was

  $ ./configure 

## --------- ##
## Platform. ##
## --------- ##

hostname = yoyoChen
uname -m = x86_64
uname -r = 3.16.0-38-generic
uname -s = Linux
uname -v = #52~14.04.1-Ubuntu SMP Fri May 8 09:43:57 UTC 2015

/usr/bin/uname -p = unknown
/bin/uname -X     = unknown

/bin/arch              = unknown
/usr/bin/arch -k       = unknown
/usr/convex/getsysinfo = unknown
/usr/bin/hostinfo      = unknown
/bin/machine           = unknown
/usr/bin/oslevel       = unknown
/bin/universe          = unknown

PATH: /usr/local/balsa/bin
PATH: /home/yoyo/miniconda3/bin
PATH: /home/yoyo/Desktop/jdk1.8.0_144/bin
PATH: ~/Desktop/home/yoyo/Desktop/jdk1.8.0_144/bin
PATH: /home/yoyo/.npm-packages/bin
PATH: /home/yoyo/bin
PATH: /usr/local/sbin
PATH: /usr/local/bin
PATH: /usr/sbin
PATH: /usr/bin
PATH: /sbin
PATH: /bin
PATH: /usr/games
PATH: /usr/local/games
PATH: /usr/local/go/bin
PATH: /home/yoyo/bin


## ----------- ##
## Core tests. ##
## ----------- ##

configure:2747: checking for a BSD-compatible install
configure:2815: result: /usr/bin/install -c
configure:2826: checking whether build environment is sane
configure:2876: result: yes
configure:3017: checking for a thread-safe mkdir -p
configure:3056: result: /bin/mkdir -p
configure:3069: checking for gawk
configure:3085: found /usr/bin/gawk
configure:3096: result: gawk
configure:3107: checking whether make sets $(MAKE)
configure:3129: result: yes
configure:3270: checking for gcc
configure:3286: found /usr/bin/gcc
configure:3297: result: gcc
configure:3526: checking for C compiler version
configure:3535: gcc --version >&5
gcc (Ubuntu/Linaro 6.3.0-18ubuntu2~14.04) 6.3.0 20170519
Copyright (C) 2016 Free Software Foundation, Inc.
This is free software; see the source for copying conditions.  There is NO
warranty; not even for MERCHANTABILITY or FITNESS FOR A PARTICULAR PURPOSE.

configure:3546: $? = 0
configure:3535: gcc -v >&5
Using built-in specs.
COLLECT_GCC=gcc
COLLECT_LTO_WRAPPER=/usr/lib/gcc/x86_64-linux-gnu/6/lto-wrapper
Target: x86_64-linux-gnu
Configured with: ../src/configure -v --with-pkgversion='Ubuntu/Linaro 6.3.0-18ubuntu2~14.04' --with-bugurl=file:///usr/share/doc/gcc-6/README.Bugs --enable-languages=c,ada,c++,java,go,d,fortran,objc,obj-c++ --prefix=/usr --program-suffix=-6 --program-prefix=x86_64-linux-gnu- --enable-shared --enable-linker-build-id --libexecdir=/usr/lib --without-included-gettext --enable-threads=posix --libdir=/usr/lib --enable-nls --with-sysroot=/ --enable-clocale=gnu --enable-libstdcxx-debug --enable-libstdcxx-time=yes --with-default-libstdcxx-abi=gcc4-compatible --disable-libstdcxx-dual-abi --enable-gnu-unique-object --disable-vtable-verify --enable-libmpx --enable-plugin --with-system-zlib --disable-browser-plugin --enable-java-awt=gtk --enable-gtk-cairo --with-java-home=/usr/lib/jvm/java-1.5.0-gcj-6-amd64/jre --enable-java-home --with-jvm-root-dir=/usr/lib/jvm/java-1.5.0-gcj-6-amd64 --with-jvm-jar-dir=/usr/lib/jvm-exports/java-1.5.0-gcj-6-amd64 --with-arch-directory=amd64 --with-ecj-jar=/usr/share/java/eclipse-ecj.jar --with-target-system-zlib --enable-objc-gc=auto --enable-multiarch --disable-werror --with-arch-32=i686 --with-abi=m64 --with-multilib-list=m32,m64,mx32 --enable-multilib --with-tune=generic --enable-checking=release --build=x86_64-linux-gnu --host=x86_64-linux-gnu --target=x86_64-linux-gnu
Thread model: posix
gcc version 6.3.0 20170519 (Ubuntu/Linaro 6.3.0-18ubuntu2~14.04) 
configure:3546: $? = 0
configure:3535: gcc -V >&5
gcc: error: unrecognized command line option '-V'
gcc: fatal error: no input files
compilation terminated.
configure:3546: $? = 1
configure:3535: gcc -qversion >&5
gcc: error: unrecognized command line option '-qversion'; did you mean '--version'?
gcc: fatal error: no input files
compilation terminated.
configure:3546: $? = 1
configure:3566: checking whether the C compiler works
configure:3588: gcc -fPIC -fPIC -DPIC    conftest.c  >&5
configure:3592: $? = 0
configure:3641: result: yes
configure:3644: checking for C compiler default output file name
configure:3646: result: a.out
configure:3652: checking for suffix of executables
configure:3659: gcc -o conftest -fPIC -fPIC -DPIC    conftest.c  >&5
configure:3663: $? = 0
configure:3685: result: 
configure:3707: checking whether we are cross compiling
configure:3715: gcc -o conftest -fPIC -fPIC -DPIC    conftest.c  >&5
configure:3719: $? = 0
configure:3726: ./conftest
configure:3730: $? = 0
configure:3745: result: no
configure:3750: checking for suffix of object files
configure:3772: gcc -c -fPIC -fPIC -DPIC   conftest.c >&5
configure:3776: $? = 0
configure:3797: result: o
configure:3801: checking whether we are using the GNU C compiler
configure:3820: gcc -c -fPIC -fPIC -DPIC   conftest.c >&5
configure:3820: $? = 0
configure:3829: result: yes
configure:3838: checking whether gcc accepts -g
configure:3858: gcc -c -g  conftest.c >&5
configure:3858: $? = 0
configure:3899: result: yes
configure:3916: checking for gcc option to accept ISO C89
configure:3980: gcc  -c -fPIC -fPIC -DPIC   conftest.c >&5
configure:3980: $? = 0
configure:3993: result: none needed
configure:4024: checking for style of include used by make
configure:4052: result: GNU
configure:4077: checking dependency style of gcc
configure:4187: result: gcc3
configure:4260: checking for g++
configure:4276: found /usr/bin/g++
configure:4287: result: g++
configure:4314: checking for C++ compiler version
configure:4323: g++ --version >&5
g++ (Ubuntu/Linaro 6.3.0-18ubuntu2~14.04) 6.3.0 20170519
Copyright (C) 2016 Free Software Foundation, Inc.
This is free software; see the source for copying conditions.  There is NO
warranty; not even for MERCHANTABILITY or FITNESS FOR A PARTICULAR PURPOSE.

configure:4334: $? = 0
configure:4323: g++ -v >&5
Using built-in specs.
COLLECT_GCC=g++
COLLECT_LTO_WRAPPER=/usr/lib/gcc/x86_64-linux-gnu/6/lto-wrapper
Target: x86_64-linux-gnu
Configured with: ../src/configure -v --with-pkgversion='Ubuntu/Linaro 6.3.0-18ubuntu2~14.04' --with-bugurl=file:///usr/share/doc/gcc-6/README.Bugs --enable-languages=c,ada,c++,java,go,d,fortran,objc,obj-c++ --prefix=/usr --program-suffix=-6 --program-prefix=x86_64-linux-gnu- --enable-shared --enable-linker-build-id --libexecdir=/usr/lib --without-included-gettext --enable-threads=posix --libdir=/usr/lib --enable-nls --with-sysroot=/ --enable-clocale=gnu --enable-libstdcxx-debug --enable-libstdcxx-time=yes --with-default-libstdcxx-abi=gcc4-compatible --disable-libstdcxx-dual-abi --enable-gnu-unique-object --disable-vtable-verify --enable-libmpx --enable-plugin --with-system-zlib --disable-browser-plugin --enable-java-awt=gtk --enable-gtk-cairo --with-java-home=/usr/lib/jvm/java-1.5.0-gcj-6-amd64/jre --enable-java-home --with-jvm-root-dir=/usr/lib/jvm/java-1.5.0-gcj-6-amd64 --with-jvm-jar-dir=/usr/lib/jvm-exports/java-1.5.0-gcj-6-amd64 --with-arch-directory=amd64 --with-ecj-jar=/usr/share/java/eclipse-ecj.jar --with-target-system-zlib --enable-objc-gc=auto --enable-multiarch --disable-werror --with-arch-32=i686 --with-abi=m64 --with-multilib-list=m32,m64,mx32 --enable-multilib --with-tune=generic --enable-checking=release --build=x86_64-linux-gnu --host=x86_64-linux-gnu --target=x86_64-linux-gnu
Thread model: posix
gcc version 6.3.0 20170519 (Ubuntu/Linaro 6.3.0-18ubuntu2~14.04) 
configure:4334: $? = 0
configure:4323: g++ -V >&5
g++: error: unrecognized command line option '-V'
g++: fatal error: no input files
compilation terminated.
configure:4334: $? = 1
configure:4323: g++ -qversion >&5
g++: error: unrecognized command line option '-qversion'; did you mean '--version'?
g++: fatal error: no input files
compilation terminated.
configure:4334: $? = 1
configure:4338: checking whether we are using the GNU C++ compiler
configure:4357: g++ -c   conftest.cpp >&5
configure:4357: $? = 0
configure:4366: result: yes
configure:4375: checking whether g++ accepts -g
configure:4395: g++ -c -g  conftest.cpp >&5
configure:4395: $? = 0
configure:4436: result: yes
configure:4461: checking dependency style of g++
configure:4571: result: gcc3
configure:4634: checking for gcc
configure:4661: result: gcc
configure:4890: checking for C compiler version
configure:4899: gcc --version >&5
gcc (Ubuntu/Linaro 6.3.0-18ubuntu2~14.04) 6.3.0 20170519
Copyright (C) 2016 Free Software Foundation, Inc.
This is free software; see the source for copying conditions.  There is NO
warranty; not even for MERCHANTABILITY or FITNESS FOR A PARTICULAR PURPOSE.

configure:4910: $? = 0
configure:4899: gcc -v >&5
Using built-in specs.
COLLECT_GCC=gcc
COLLECT_LTO_WRAPPER=/usr/lib/gcc/x86_64-linux-gnu/6/lto-wrapper
Target: x86_64-linux-gnu
Configured with: ../src/configure -v --with-pkgversion='Ubuntu/Linaro 6.3.0-18ubuntu2~14.04' --with-bugurl=file:///usr/share/doc/gcc-6/README.Bugs --enable-languages=c,ada,c++,java,go,d,fortran,objc,obj-c++ --prefix=/usr --program-suffix=-6 --program-prefix=x86_64-linux-gnu- --enable-shared --enable-linker-build-id --libexecdir=/usr/lib --without-included-gettext --enable-threads=posix --libdir=/usr/lib --enable-nls --with-sysroot=/ --enable-clocale=gnu --enable-libstdcxx-debug --enable-libstdcxx-time=yes --with-default-libstdcxx-abi=gcc4-compatible --disable-libstdcxx-dual-abi --enable-gnu-unique-object --disable-vtable-verify --enable-libmpx --enable-plugin --with-system-zlib --disable-browser-plugin --enable-java-awt=gtk --enable-gtk-cairo --with-java-home=/usr/lib/jvm/java-1.5.0-gcj-6-amd64/jre --enable-java-home --with-jvm-root-dir=/usr/lib/jvm/java-1.5.0-gcj-6-amd64 --with-jvm-jar-dir=/usr/lib/jvm-exports/java-1.5.0-gcj-6-amd64 --with-arch-directory=amd64 --with-ecj-jar=/usr/share/java/eclipse-ecj.jar --with-target-system-zlib --enable-objc-gc=auto --enable-multiarch --disable-werror --with-arch-32=i686 --with-abi=m64 --with-multilib-list=m32,m64,mx32 --enable-multilib --with-tune=generic --enable-checking=release --build=x86_64-linux-gnu --host=x86_64-linux-gnu --target=x86_64-linux-gnu
Thread model: posix
gcc version 6.3.0 20170519 (Ubuntu/Linaro 6.3.0-18ubuntu2~14.04) 
configure:4910: $? = 0
configure:4899: gcc -V >&5
gcc: error: unrecognized command line option '-V'
gcc: fatal error: no input files
compilation terminated.
configure:4910: $? = 1
configure:4899: gcc -qversion >&5
gcc: error: unrecognized command line option '-qversion'; did you mean '--version'?
gcc: fatal error: no input files
compilation terminated.
configure:4910: $? = 1
configure:4914: checking whether we are using the GNU C compiler
configure:4942: result: yes
configure:4951: checking whether gcc accepts -g
configure:5012: result: yes
configure:5029: checking for gcc option to accept ISO C89
configure:5106: result: none needed
configure:5128: checking dependency style of gcc
configure:5238: result: gcc3
configure:5257: checking whether ln -s works
configure:5261: result: yes
configure:5268: checking whether make sets $(MAKE)
configure:5290: result: yes
configure:5301: checking for cg
configure:5334: result: no
configure:5341: checking for rpp
configure:5374: result: no
configure:5381: checking for rex
configure:5414: result: no
configure:5421: checking for lalr
configure:5454: result: no
configure:5461: checking for ast
configure:5494: result: no
configure:5501: checking for nm
configure:5519: found /usr/bin/nm
configure:5531: result: /usr/bin/nm
configure:5569: checking build system type
configure:5583: result: x86_64-unknown-linux-gnu
configure:5603: checking host system type
configure:5616: result: x86_64-unknown-linux-gnu
configure:5636: checking for a sed that does not truncate output
configure:5700: result: /bin/sed
configure:5718: checking for grep that handles long lines and -e
configure:5776: result: /bin/grep
configure:5781: checking for egrep
configure:5843: result: /bin/grep -E
configure:5848: checking for fgrep
configure:5910: result: /bin/grep -F
configure:5945: checking for ld used by gcc
configure:6012: result: /usr/bin/ld
configure:6019: checking if the linker (/usr/bin/ld) is GNU ld
configure:6034: result: yes
configure:6046: checking for BSD- or MS-compatible name lister (nm)
configure:6095: result: /usr/bin/nm
configure:6213: checking the name lister (/usr/bin/nm) interface
configure:6220: gcc -c -fPIC -fPIC -DPIC   conftest.c >&5
configure:6223: /usr/bin/nm "conftest.o"
configure:6226: output
0000000000000000 B some_variable
configure:6233: result: BSD nm
configure:6237: checking the maximum length of command line arguments
configure:6357: result: 1572864
configure:6374: checking whether the shell understands some XSI constructs
configure:6384: result: yes
configure:6388: checking whether the shell understands "+="
configure:6394: result: yes
configure:6429: checking for /usr/bin/ld option to reload object files
configure:6436: result: -r
configure:6505: checking for objdump
configure:6521: found /usr/bin/objdump
configure:6532: result: objdump
configure:6564: checking how to recognize dependent libraries
configure:6760: result: pass_all
configure:6820: checking for ar
configure:6836: found /usr/bin/ar
configure:6847: result: ar
configure:6925: checking for strip
configure:6941: found /usr/bin/strip
configure:6952: result: strip
configure:7024: checking for ranlib
configure:7040: found /usr/bin/ranlib
configure:7051: result: ranlib
configure:7141: checking command to parse /usr/bin/nm output from gcc object
configure:7259: gcc -c -fPIC -fPIC -DPIC   conftest.c >&5
configure:7262: $? = 0
configure:7266: /usr/bin/nm conftest.o \| sed -n -e 's/^.*[	 ]\([ABCDGIRSTW][ABCDGIRSTW]*\)[	 ][	 ]*\([_A-Za-z][_A-Za-z0-9]*\)$/\1 \2 \2/p' \> conftest.nm
configure:7269: $? = 0
configure:7323: gcc -o conftest -fPIC -fPIC -DPIC    conftest.c conftstm.o >&5
configure:7326: $? = 0
configure:7364: result: ok
configure:7460: gcc -c -fPIC -fPIC -DPIC   conftest.c >&5
configure:7463: $? = 0
configure:8173: checking how to run the C preprocessor
configure:8204: gcc -E  conftest.c
configure:8204: $? = 0
configure:8218: gcc -E  conftest.c
conftest.c:11:28: fatal error: ac_nonexistent.h: No such file or directory
 #include <ac_nonexistent.h>
                            ^
compilation terminated.
configure:8218: $? = 1
configure: failed program was:
| /* confdefs.h */
| #define PACKAGE_NAME ""
| #define PACKAGE_TARNAME ""
| #define PACKAGE_VERSION ""
| #define PACKAGE_STRING ""
| #define PACKAGE_BUGREPORT ""
| #define PACKAGE_URL ""
| #define PACKAGE "balsa"
| #define VERSION "4.0"
| /* end confdefs.h.  */
| #include <ac_nonexistent.h>
configure:8243: result: gcc -E
configure:8263: gcc -E  conftest.c
configure:8263: $? = 0
configure:8277: gcc -E  conftest.c
conftest.c:11:28: fatal error: ac_nonexistent.h: No such file or directory
 #include <ac_nonexistent.h>
                            ^
compilation terminated.
configure:8277: $? = 1
configure: failed program was:
| /* confdefs.h */
| #define PACKAGE_NAME ""
| #define PACKAGE_TARNAME ""
| #define PACKAGE_VERSION ""
| #define PACKAGE_STRING ""
| #define PACKAGE_BUGREPORT ""
| #define PACKAGE_URL ""
| #define PACKAGE "balsa"
| #define VERSION "4.0"
| /* end confdefs.h.  */
| #include <ac_nonexistent.h>
configure:8306: checking for ANSI C header files
configure:8326: gcc -c -fPIC -fPIC -DPIC   conftest.c >&5
configure:8326: $? = 0
configure:8399: gcc -o conftest -fPIC -fPIC -DPIC    conftest.c  >&5
configure:8399: $? = 0
configure:8399: ./conftest
configure:8399: $? = 0
configure:8410: result: yes
configure:8423: checking for sys/types.h
configure:8423: gcc -c -fPIC -fPIC -DPIC   conftest.c >&5
configure:8423: $? = 0
configure:8423: result: yes
configure:8423: checking for sys/stat.h
configure:8423: gcc -c -fPIC -fPIC -DPIC   conftest.c >&5
configure:8423: $? = 0
configure:8423: result: yes
configure:8423: checking for stdlib.h
configure:8423: gcc -c -fPIC -fPIC -DPIC   conftest.c >&5
configure:8423: $? = 0
configure:8423: result: yes
configure:8423: checking for string.h
configure:8423: gcc -c -fPIC -fPIC -DPIC   conftest.c >&5
configure:8423: $? = 0
configure:8423: result: yes
configure:8423: checking for memory.h
configure:8423: gcc -c -fPIC -fPIC -DPIC   conftest.c >&5
configure:8423: $? = 0
configure:8423: result: yes
configure:8423: checking for strings.h
configure:8423: gcc -c -fPIC -fPIC -DPIC   conftest.c >&5
configure:8423: $? = 0
configure:8423: result: yes
configure:8423: checking for inttypes.h
configure:8423: gcc -c -fPIC -fPIC -DPIC   conftest.c >&5
configure:8423: $? = 0
configure:8423: result: yes
configure:8423: checking for stdint.h
configure:8423: gcc -c -fPIC -fPIC -DPIC   conftest.c >&5
configure:8423: $? = 0
configure:8423: result: yes
configure:8423: checking for unistd.h
configure:8423: gcc -c -fPIC -fPIC -DPIC   conftest.c >&5
configure:8423: $? = 0
configure:8423: result: yes
configure:8438: checking for dlfcn.h
configure:8438: gcc -c -fPIC -fPIC -DPIC   conftest.c >&5
configure:8438: $? = 0
configure:8438: result: yes
configure:8563: checking for C++ compiler version
configure:8572: g++ --version >&5
g++ (Ubuntu/Linaro 6.3.0-18ubuntu2~14.04) 6.3.0 20170519
Copyright (C) 2016 Free Software Foundation, Inc.
This is free software; see the source for copying conditions.  There is NO
warranty; not even for MERCHANTABILITY or FITNESS FOR A PARTICULAR PURPOSE.

configure:8583: $? = 0
configure:8572: g++ -v >&5
Using built-in specs.
COLLECT_GCC=g++
COLLECT_LTO_WRAPPER=/usr/lib/gcc/x86_64-linux-gnu/6/lto-wrapper
Target: x86_64-linux-gnu
Configured with: ../src/configure -v --with-pkgversion='Ubuntu/Linaro 6.3.0-18ubuntu2~14.04' --with-bugurl=file:///usr/share/doc/gcc-6/README.Bugs --enable-languages=c,ada,c++,java,go,d,fortran,objc,obj-c++ --prefix=/usr --program-suffix=-6 --program-prefix=x86_64-linux-gnu- --enable-shared --enable-linker-build-id --libexecdir=/usr/lib --without-included-gettext --enable-threads=posix --libdir=/usr/lib --enable-nls --with-sysroot=/ --enable-clocale=gnu --enable-libstdcxx-debug --enable-libstdcxx-time=yes --with-default-libstdcxx-abi=gcc4-compatible --disable-libstdcxx-dual-abi --enable-gnu-unique-object --disable-vtable-verify --enable-libmpx --enable-plugin --with-system-zlib --disable-browser-plugin --enable-java-awt=gtk --enable-gtk-cairo --with-java-home=/usr/lib/jvm/java-1.5.0-gcj-6-amd64/jre --enable-java-home --with-jvm-root-dir=/usr/lib/jvm/java-1.5.0-gcj-6-amd64 --with-jvm-jar-dir=/usr/lib/jvm-exports/java-1.5.0-gcj-6-amd64 --with-arch-directory=amd64 --with-ecj-jar=/usr/share/java/eclipse-ecj.jar --with-target-system-zlib --enable-objc-gc=auto --enable-multiarch --disable-werror --with-arch-32=i686 --with-abi=m64 --with-multilib-list=m32,m64,mx32 --enable-multilib --with-tune=generic --enable-checking=release --build=x86_64-linux-gnu --host=x86_64-linux-gnu --target=x86_64-linux-gnu
Thread model: posix
gcc version 6.3.0 20170519 (Ubuntu/Linaro 6.3.0-18ubuntu2~14.04) 
configure:8583: $? = 0
configure:8572: g++ -V >&5
g++: error: unrecognized command line option '-V'
g++: fatal error: no input files
compilation terminated.
configure:8583: $? = 1
configure:8572: g++ -qversion >&5
g++: error: unrecognized command line option '-qversion'; did you mean '--version'?
g++: fatal error: no input files
compilation terminated.
configure:8583: $? = 1
configure:8587: checking whether we are using the GNU C++ compiler
configure:8615: result: yes
configure:8624: checking whether g++ accepts -g
configure:8685: result: yes
configure:8710: checking dependency style of g++
configure:8820: result: gcc3
configure:8843: checking how to run the C++ preprocessor
configure:8870: g++ -E  conftest.cpp
configure:8870: $? = 0
configure:8884: g++ -E  conftest.cpp
conftest.cpp:22:28: fatal error: ac_nonexistent.h: No such file or directory
 #include <ac_nonexistent.h>
                            ^
compilation terminated.
configure:8884: $? = 1
configure: failed program was:
| /* confdefs.h */
| #define PACKAGE_NAME ""
| #define PACKAGE_TARNAME ""
| #define PACKAGE_VERSION ""
| #define PACKAGE_STRING ""
| #define PACKAGE_BUGREPORT ""
| #define PACKAGE_URL ""
| #define PACKAGE "balsa"
| #define VERSION "4.0"
| #define STDC_HEADERS 1
| #define HAVE_SYS_TYPES_H 1
| #define HAVE_SYS_STAT_H 1
| #define HAVE_STDLIB_H 1
| #define HAVE_STRING_H 1
| #define HAVE_MEMORY_H 1
| #define HAVE_STRINGS_H 1
| #define HAVE_INTTYPES_H 1
| #define HAVE_STDINT_H 1
| #define HAVE_UNISTD_H 1
| #define HAVE_DLFCN_H 1
| /* end confdefs.h.  */
| #include <ac_nonexistent.h>
configure:8909: result: g++ -E
configure:8929: g++ -E  conftest.cpp
configure:8929: $? = 0
configure:8943: g++ -E  conftest.cpp
conftest.cpp:22:28: fatal error: ac_nonexistent.h: No such file or directory
 #include <ac_nonexistent.h>
                            ^
compilation terminated.
configure:8943: $? = 1
configure: failed program was:
| /* confdefs.h */
| #define PACKAGE_NAME ""
| #define PACKAGE_TARNAME ""
| #define PACKAGE_VERSION ""
| #define PACKAGE_STRING ""
| #define PACKAGE_BUGREPORT ""
| #define PACKAGE_URL ""
| #define PACKAGE "balsa"
| #define VERSION "4.0"
| #define STDC_HEADERS 1
| #define HAVE_SYS_TYPES_H 1
| #define HAVE_SYS_STAT_H 1
| #define HAVE_STDLIB_H 1
| #define HAVE_STRING_H 1
| #define HAVE_MEMORY_H 1
| #define HAVE_STRINGS_H 1
| #define HAVE_INTTYPES_H 1
| #define HAVE_STDINT_H 1
| #define HAVE_UNISTD_H 1
| #define HAVE_DLFCN_H 1
| /* end confdefs.h.  */
| #include <ac_nonexistent.h>
configure:9149: checking for objdir
configure:9164: result: .libs
configure:9456: checking if gcc supports -fno-rtti -fno-exceptions
configure:9474: gcc -c -fPIC -fPIC -DPIC   -fno-rtti -fno-exceptions conftest.c >&5
cc1: warning: command line option '-fno-rtti' is valid for C++/ObjC++ but not for C
configure:9478: $? = 0
configure:9491: result: no
configure:9511: checking for gcc option to produce PIC
configure:9783: result: -fPIC -DPIC
configure:9795: checking if gcc PIC flag -fPIC -DPIC works
configure:9813: gcc -c -fPIC -fPIC -DPIC   -fPIC -DPIC -DPIC conftest.c >&5
configure:9817: $? = 0
configure:9830: result: yes
configure:9854: checking if gcc static flag -static works
configure:9882: result: yes
configure:9897: checking if gcc supports -c -o file.o
configure:9918: gcc -c -fPIC -fPIC -DPIC   -o out/conftest2.o conftest.c >&5
configure:9922: $? = 0
configure:9944: result: yes
configure:9952: checking if gcc supports -c -o file.o
configure:9999: result: yes
configure:10032: checking whether the gcc linker (/usr/bin/ld -m elf_x86_64) supports shared libraries
configure:11018: result: yes
configure:11055: checking whether -lc should be explicitly linked in
configure:11060: gcc -c -fPIC -fPIC -DPIC   conftest.c >&5
configure:11063: $? = 0
configure:11078: gcc -shared conftest.o  -v -Wl,-soname -Wl,conftest -o conftest 2\>\&1 \| /bin/grep  -lc  \>/dev/null 2\>\&1
configure:11081: $? = 0
configure:11093: result: no
configure:11257: checking dynamic linker characteristics
configure:11690: gcc -o conftest -fPIC -fPIC -DPIC    -Wl,-rpath -Wl,/foo conftest.c  >&5
configure:11690: $? = 0
configure:11911: result: GNU/Linux ld.so
configure:12013: checking how to hardcode library paths into programs
configure:12038: result: immediate
configure:12558: checking whether stripping libraries is possible
configure:12563: result: yes
configure:12598: checking if libtool supports shared libraries
configure:12600: result: yes
configure:12603: checking whether to build shared libraries
configure:12624: result: yes
configure:12627: checking whether to build static libraries
configure:12631: result: yes
configure:12781: checking for ld used by g++
configure:12848: result: /usr/bin/ld -m elf_x86_64
configure:12855: checking if the linker (/usr/bin/ld -m elf_x86_64) is GNU ld
configure:12870: result: yes
configure:12925: checking whether the g++ linker (/usr/bin/ld -m elf_x86_64) supports shared libraries
configure:13838: result: yes
configure:13866: g++ -c -g -O2  conftest.cpp >&5
configure:13869: $? = 0
configure:14051: checking for g++ option to produce PIC
configure:14368: result: -fPIC -DPIC
configure:14377: checking if g++ PIC flag -fPIC -DPIC works
configure:14395: g++ -c -g -O2  -fPIC -DPIC -DPIC conftest.cpp >&5
configure:14399: $? = 0
configure:14412: result: yes
configure:14433: checking if g++ static flag -static works
configure:14461: result: yes
configure:14473: checking if g++ supports -c -o file.o
configure:14494: g++ -c -g -O2  -o out/conftest2.o conftest.cpp >&5
configure:14498: $? = 0
configure:14520: result: yes
configure:14525: checking if g++ supports -c -o file.o
configure:14572: result: yes
configure:14602: checking whether the g++ linker (/usr/bin/ld -m elf_x86_64) supports shared libraries
configure:14628: result: yes
configure:14765: checking dynamic linker characteristics
configure:15146: g++ -o conftest -g -O2   -Wl,-rpath -Wl,/foo conftest.cpp  >&5
configure:15146: $? = 0
configure:15367: result: GNU/Linux ld.so
configure:15418: checking how to hardcode library paths into programs
configure:15443: result: immediate
configure:15504: checking for guile
configure:15522: found /usr/bin/guile
configure:15535: result: /usr/bin/guile
configure:15545: checking for espresso
configure:15576: result: espresso
configure:15586: checking for dot
configure:15604: found /usr/bin/dot
configure:15617: result: /usr/bin/dot
configure:15640: checking for ANSI C header files
configure:15744: result: yes
configure:15754: checking for inttypes.h
configure:15754: result: yes
configure:15769: checking size of void *
configure:15774: gcc -o conftest -fPIC -fPIC -DPIC    conftest.c  >&5
configure:15774: $? = 0
configure:15774: ./conftest
configure:15774: $? = 0
configure:15789: result: 8
configure:15813: checking for __gmpz_import in -lgmp
configure:15838: gcc -o conftest -fPIC -fPIC -DPIC    conftest.c -lgmp   >&5
configure:15838: $? = 0
configure:15847: result: yes
configure:15914: checking for pkg-config
configure:15932: found /usr/bin/pkg-config
configure:15944: result: /usr/bin/pkg-config
configure:15969: checking pkg-config is at least version 0.9.0
configure:15972: result: yes
configure:15983: checking for GLIB
configure:15990: $PKG_CONFIG --exists --print-errors "glib-2.0 >= 2.0"
configure:15993: $? = 0
configure:16006: $PKG_CONFIG --exists --print-errors "glib-2.0 >= 2.0"
configure:16009: $? = 0
configure:16063: result: yes
configure:16069: checking for GTK
configure:16076: $PKG_CONFIG --exists --print-errors "gtk+-2.0 >= 2.0"
configure:16079: $? = 0
configure:16092: $PKG_CONFIG --exists --print-errors "gtk+-2.0 >= 2.0"
configure:16095: $? = 0
configure:16149: result: yes
configure:16155: checking for GTHREAD
configure:16162: $PKG_CONFIG --exists --print-errors "gthread-2.0 >= 2.0"
configure:16165: $? = 0
configure:16178: $PKG_CONFIG --exists --print-errors "gthread-2.0 >= 2.0"
configure:16181: $? = 0
configure:16235: result: yes
configure:16241: checking for GMODULE
configure:16248: $PKG_CONFIG --exists --print-errors "gmodule-2.0 >= 2.0"
configure:16251: $? = 0
configure:16264: $PKG_CONFIG --exists --print-errors "gmodule-2.0 >= 2.0"
configure:16267: $? = 0
configure:16321: result: yes
configure:16337: checking for size_t
configure:16337: gcc -c -fPIC -fPIC -DPIC   conftest.c >&5
configure:16337: $? = 0
configure:16337: gcc -c -fPIC -fPIC -DPIC   conftest.c >&5
conftest.c: In function 'main':
conftest.c:65:21: error: expected expression before ')' token
 if (sizeof ((size_t)))
                     ^
configure:16337: $? = 1
configure: failed program was:
| /* confdefs.h */
| #define PACKAGE_NAME ""
| #define PACKAGE_TARNAME ""
| #define PACKAGE_VERSION ""
| #define PACKAGE_STRING ""
| #define PACKAGE_BUGREPORT ""
| #define PACKAGE_URL ""
| #define PACKAGE "balsa"
| #define VERSION "4.0"
| #define STDC_HEADERS 1
| #define HAVE_SYS_TYPES_H 1
| #define HAVE_SYS_STAT_H 1
| #define HAVE_STDLIB_H 1
| #define HAVE_STRING_H 1
| #define HAVE_MEMORY_H 1
| #define HAVE_STRINGS_H 1
| #define HAVE_INTTYPES_H 1
| #define HAVE_STDINT_H 1
| #define HAVE_UNISTD_H 1
| #define HAVE_DLFCN_H 1
| #define LT_OBJDIR ".libs/"
| #define STDC_HEADERS 1
| #define HAVE_INTTYPES_H 1
| #define SIZEOF_VOID_P 8
| #define HAVE_LIBGMP 1
| #define BALSAHOME "/usr/local/balsa"
| #define DEFAULT_BALSAPATH "/usr/local/balsa/share:."
| /* end confdefs.h.  */
| #include <stdio.h>
| #ifdef HAVE_SYS_TYPES_H
| # include <sys/types.h>
| #endif
| #ifdef HAVE_SYS_STAT_H
| # include <sys/stat.h>
| #endif
| #ifdef STDC_HEADERS
| # include <stdlib.h>
| # include <stddef.h>
| #else
| # ifdef HAVE_STDLIB_H
| #  include <stdlib.h>
| # endif
| #endif
| #ifdef HAVE_STRING_H
| # if !defined STDC_HEADERS && defined HAVE_MEMORY_H
| #  include <memory.h>
| # endif
| # include <string.h>
| #endif
| #ifdef HAVE_STRINGS_H
| # include <strings.h>
| #endif
| #ifdef HAVE_INTTYPES_H
| # include <inttypes.h>
| #endif
| #ifdef HAVE_STDINT_H
| # include <stdint.h>
| #endif
| #ifdef HAVE_UNISTD_H
| # include <unistd.h>
| #endif
| int
| main ()
| {
| if (sizeof ((size_t)))
| 	    return 0;
|   ;
|   return 0;
| }
configure:16337: result: yes
configure:16351: checking for uname
configure:16351: gcc -o conftest -fPIC -fPIC -DPIC    conftest.c -lgmp  >&5
configure:16351: $? = 0
configure:16351: result: yes
configure:16362: checking for fcntl
configure:16362: gcc -o conftest -fPIC -fPIC -DPIC    conftest.c -lgmp  >&5
configure:16362: $? = 0
configure:16362: result: yes
configure:16373: checking for fileno
configure:16373: gcc -o conftest -fPIC -fPIC -DPIC    conftest.c -lgmp  >&5
configure:16373: $? = 0
configure:16373: result: yes
configure:16384: checking for getpid
configure:16384: gcc -o conftest -fPIC -fPIC -DPIC    conftest.c -lgmp  >&5
configure:16384: $? = 0
configure:16384: result: yes
configure:16526: creating ./config.status

## ---------------------- ##
## Running config.status. ##
## ---------------------- ##

This file was extended by config.status, which was
generated by GNU Autoconf 2.65.  Invocation command line was

  CONFIG_FILES    = 
  CONFIG_HEADERS  = 
  CONFIG_LINKS    = 
  CONFIG_COMMANDS = 
  $ ./config.status 

on yoyoChen

config.status:1201: creating Makefile
config.status:1201: creating doc/Makefile
config.status:1201: creating extra/Makefile
config.status:1201: creating extra/scintilla-wrapper/Makefile
config.status:1201: creating bin/Makefile
config.status:1201: creating bin/balsa-config
config.status:1201: creating bin/balsa-local-script
config.status:1201: creating bin/balsa-espresso
config.status:1201: creating bin/balsa-make-builtin-lib
config.status:1201: creating bin/balsa-scheme-script
config.status:1201: creating bin/balsa-scheme-shell
config.status:1201: creating src/Makefile
config.status:1201: creating src/libs/Makefile
config.status:1201: creating src/libs/format/Makefile
config.status:1201: creating src/libs/balsasim/Makefile
config.status:1201: creating src/libs/breeze/Makefile
config.status:1201: creating src/balsa-c/Makefile
config.status:1201: creating src/balsa-file-test/Makefile
config.status:1201: creating src/balsa-mgr/Makefile
config.status:1201: creating src/balsa-mgr/pixmaps/Makefile
config.status:1201: creating src/breeze-sim/Makefile
config.status:1201: creating src/breeze-sim/fast/Makefile
config.status:1201: creating src/breeze-sim/debug/Makefile
config.status:1201: creating src/breeze-sim/early/Makefile
config.status:1201: creating src/breeze-sim/mpi/Makefile
config.status:1201: creating src/breeze-sim-ctrl/Makefile
config.status:1201: creating src/breeze-sim-ctrl/pixmaps/Makefile
config.status:1201: creating share/Makefile
config.status:1201: creating share/scheme/Makefile
config.status:1201: creating share/scheme/base.scm
config.status:1201: creating share/scheme/base-local.scm
config.status:1201: creating share/scheme/globals.scm
config.status:1201: creating share/tech/Makefile
config.status:1201: creating share/tech/common/Makefile
config.status:1201: creating share/style/Makefile
config.status:1201: creating share/style/dual_b/Makefile
config.status:1201: creating share/style/four_b_rb/Makefile
config.status:1201: creating share/style/four_e_e/Makefile
config.status:1201: creating share/style/one_of_2_4/Makefile
config.status:1201: creating share/balsa/Makefile
config.status:1201: creating share/balsa/types/Makefile
config.status:1201: creating share/balsa/parts/Makefile
config.status:1201: creating share/balsa/sim/Makefile
config.status:1201: creating config.h
config.status:1373: config.h is unchanged
config.status:1421: executing depfiles commands
config.status:1421: executing libtool commands

## ---------------- ##
## Cache variables. ##
## ---------------- ##

ac_cv_build=x86_64-unknown-linux-gnu
ac_cv_c_compiler_gnu=yes
ac_cv_cxx_compiler_gnu=yes
ac_cv_env_CCC_set=
ac_cv_env_CCC_value=
ac_cv_env_CC_set=
ac_cv_env_CC_value=
ac_cv_env_CFLAGS_set=
ac_cv_env_CFLAGS_value=
ac_cv_env_CPPFLAGS_set=
ac_cv_env_CPPFLAGS_value=
ac_cv_env_CPP_set=
ac_cv_env_CPP_value=
ac_cv_env_CXXCPP_set=
ac_cv_env_CXXCPP_value=
ac_cv_env_CXXFLAGS_set=
ac_cv_env_CXXFLAGS_value=
ac_cv_env_CXX_set=
ac_cv_env_CXX_value=
ac_cv_env_GLIB_CFLAGS_set=
ac_cv_env_GLIB_CFLAGS_value=
ac_cv_env_GLIB_LIBS_set=
ac_cv_env_GLIB_LIBS_value=
ac_cv_env_GMODULE_CFLAGS_set=
ac_cv_env_GMODULE_CFLAGS_value=
ac_cv_env_GMODULE_LIBS_set=
ac_cv_env_GMODULE_LIBS_value=
ac_cv_env_GTHREAD_CFLAGS_set=
ac_cv_env_GTHREAD_CFLAGS_value=
ac_cv_env_GTHREAD_LIBS_set=
ac_cv_env_GTHREAD_LIBS_value=
ac_cv_env_GTK_CFLAGS_set=
ac_cv_env_GTK_CFLAGS_value=
ac_cv_env_GTK_LIBS_set=
ac_cv_env_GTK_LIBS_value=
ac_cv_env_LDFLAGS_set=
ac_cv_env_LDFLAGS_value=
ac_cv_env_LIBS_set=
ac_cv_env_LIBS_value=
ac_cv_env_PKG_CONFIG_set=
ac_cv_env_PKG_CONFIG_value=
ac_cv_env_build_alias_set=
ac_cv_env_build_alias_value=
ac_cv_env_host_alias_set=
ac_cv_env_host_alias_value=
ac_cv_env_target_alias_set=
ac_cv_env_target_alias_value=
ac_cv_func_fcntl=yes
ac_cv_func_fileno=yes
ac_cv_func_getpid=yes
ac_cv_func_uname=yes
ac_cv_header_dlfcn_h=yes
ac_cv_header_inttypes_h=yes
ac_cv_header_memory_h=yes
ac_cv_header_stdc=yes
ac_cv_header_stdint_h=yes
ac_cv_header_stdlib_h=yes
ac_cv_header_string_h=yes
ac_cv_header_strings_h=yes
ac_cv_header_sys_stat_h=yes
ac_cv_header_sys_types_h=yes
ac_cv_header_unistd_h=yes
ac_cv_host=x86_64-unknown-linux-gnu
ac_cv_lib_gmp___gmpz_import=yes
ac_cv_objext=o
ac_cv_path_DOT=/usr/bin/dot
ac_cv_path_EGREP='/bin/grep -E'
ac_cv_path_ESPRESSO=espresso
ac_cv_path_FGREP='/bin/grep -F'
ac_cv_path_GREP=/bin/grep
ac_cv_path_GUILE=/usr/bin/guile
ac_cv_path_NM=/usr/bin/nm
ac_cv_path_SED=/bin/sed
ac_cv_path_ac_pt_PKG_CONFIG=/usr/bin/pkg-config
ac_cv_path_install='/usr/bin/install -c'
ac_cv_path_mkdir=/bin/mkdir
ac_cv_prog_AWK=gawk
ac_cv_prog_CPP='gcc -E'
ac_cv_prog_CXXCPP='g++ -E'
ac_cv_prog_ac_ct_AR=ar
ac_cv_prog_ac_ct_CC=gcc
ac_cv_prog_ac_ct_CXX=g++
ac_cv_prog_ac_ct_OBJDUMP=objdump
ac_cv_prog_ac_ct_RANLIB=ranlib
ac_cv_prog_ac_ct_STRIP=strip
ac_cv_prog_cc_c89=
ac_cv_prog_cc_g=yes
ac_cv_prog_cxx_g=yes
ac_cv_prog_make_make_set=yes
ac_cv_sizeof_void_p=8
ac_cv_type_size_t=yes
am_cv_CC_dependencies_compiler_type=gcc3
am_cv_CXX_dependencies_compiler_type=gcc3
am_cv_prog_cc_stdc=
lt_cv_deplibs_check_method=pass_all
lt_cv_file_magic_cmd='$MAGIC_CMD'
lt_cv_file_magic_test_file=
lt_cv_ld_reload_flag=-r
lt_cv_nm_interface='BSD nm'
lt_cv_objdir=.libs
lt_cv_path_LD=/usr/bin/ld
lt_cv_path_LDCXX='/usr/bin/ld -m elf_x86_64'
lt_cv_path_NM=/usr/bin/nm
lt_cv_prog_compiler_c_o=yes
lt_cv_prog_compiler_c_o_CXX=yes
lt_cv_prog_compiler_pic_works=yes
lt_cv_prog_compiler_pic_works_CXX=yes
lt_cv_prog_compiler_rtti_exceptions=no
lt_cv_prog_compiler_static_works=yes
lt_cv_prog_compiler_static_works_CXX=yes
lt_cv_prog_gnu_ld=yes
lt_cv_prog_gnu_ldcxx=yes
lt_cv_sys_global_symbol_pipe='sed -n -e '\''s/^.*[	 ]\([ABCDGIRSTW][ABCDGIRSTW]*\)[	 ][	 ]*\([_A-Za-z][_A-Za-z0-9]*\)$/\1 \2 \2/p'\'''
lt_cv_sys_global_symbol_to_c_name_address='sed -n -e '\''s/^: \([^ ]*\) $/  {\"\1\", (void *) 0},/p'\'' -e '\''s/^[ABCDGIRSTW]* \([^ ]*\) \([^ ]*\)$/  {"\2", (void *) \&\2},/p'\'''
lt_cv_sys_global_symbol_to_c_name_address_lib_prefix='sed -n -e '\''s/^: \([^ ]*\) $/  {\"\1\", (void *) 0},/p'\'' -e '\''s/^[ABCDGIRSTW]* \([^ ]*\) \(lib[^ ]*\)$/  {"\2", (void *) \&\2},/p'\'' -e '\''s/^[ABCDGIRSTW]* \([^ ]*\) \([^ ]*\)$/  {"lib\2", (void *) \&\2},/p'\'''
lt_cv_sys_global_symbol_to_cdecl='sed -n -e '\''s/^T .* \(.*\)$/extern int \1();/p'\'' -e '\''s/^[ABCDGIRSTW]* .* \(.*\)$/extern char \1;/p'\'''
lt_cv_sys_max_cmd_len=1572864
pkg_cv_GLIB_CFLAGS='-I/usr/include/glib-2.0 -I/usr/lib/x86_64-linux-gnu/glib-2.0/include  '
pkg_cv_GLIB_LIBS='-lglib-2.0  '
pkg_cv_GMODULE_CFLAGS='-pthread -I/usr/include/glib-2.0 -I/usr/lib/x86_64-linux-gnu/glib-2.0/include  '
pkg_cv_GMODULE_LIBS='-Wl,--export-dynamic -pthread -lgmodule-2.0 -lglib-2.0  '
pkg_cv_GTHREAD_CFLAGS='-pthread -I/usr/include/glib-2.0 -I/usr/lib/x86_64-linux-gnu/glib-2.0/include  '
pkg_cv_GTHREAD_LIBS='-pthread -lgthread-2.0 -lglib-2.0  '
pkg_cv_GTK_CFLAGS='-pthread -I/usr/include/gtk-2.0 -I/usr/lib/x86_64-linux-gnu/gtk-2.0/include -I/usr/include/atk-1.0 -I/usr/include/cairo -I/usr/include/gdk-pixbuf-2.0 -I/usr/include/pango-1.0 -I/usr/include/gio-unix-2.0/ -I/usr/include/freetype2 -I/usr/include/glib-2.0 -I/usr/lib/x86_64-linux-gnu/glib-2.0/include -I/usr/include/pixman-1 -I/usr/include/libpng12 -I/usr/include/harfbuzz  '
pkg_cv_GTK_LIBS='-lgtk-x11-2.0 -lgdk-x11-2.0 -latk-1.0 -lgio-2.0 -lpangoft2-1.0 -lpangocairo-1.0 -lgdk_pixbuf-2.0 -lcairo -lpango-1.0 -lfontconfig -lgobject-2.0 -lglib-2.0 -lfreetype  '

## ----------------- ##
## Output variables. ##
## ----------------- ##

ACLOCAL='${SHELL} /home/yoyo/Downloads/balsa-4.0/missing --run aclocal-1.11'
AMDEPBACKSLASH='\'
AMDEP_FALSE='#'
AMDEP_TRUE=''
AMTAR='${SHELL} /home/yoyo/Downloads/balsa-4.0/missing --run tar'
AR='ar'
AST=''
AUTOCONF='${SHELL} /home/yoyo/Downloads/balsa-4.0/missing --run autoconf'
AUTOHEADER='${SHELL} /home/yoyo/Downloads/balsa-4.0/missing --run autoheader'
AUTOMAKE='${SHELL} /home/yoyo/Downloads/balsa-4.0/missing --run automake-1.11'
AWK='gawk'
CC='gcc'
CCDEPMODE='depmode=gcc3'
CFLAGS='-fPIC -fPIC -DPIC '
CG=''
CPP='gcc -E'
CPPFLAGS=''
CXX='g++'
CXXCPP='g++ -E'
CXXDEPMODE='depmode=gcc3'
CXXFLAGS='-g -O2'
CYGPATH_W='echo'
DEFS='-DHAVE_CONFIG_H'
DEPDIR='.deps'
DOT='/usr/bin/dot'
DSYMUTIL=''
DUMPBIN=''
ECHO_C=''
ECHO_N='-n'
ECHO_T=''
EGREP='/bin/grep -E'
ESPRESSO='espresso'
EXEEXT=''
FGREP='/bin/grep -F'
GLIB_CFLAGS='-I/usr/include/glib-2.0 -I/usr/lib/x86_64-linux-gnu/glib-2.0/include  '
GLIB_LIBS='-lglib-2.0  '
GMODULE_CFLAGS='-pthread -I/usr/include/glib-2.0 -I/usr/lib/x86_64-linux-gnu/glib-2.0/include  '
GMODULE_LIBS='-Wl,--export-dynamic -pthread -lgmodule-2.0 -lglib-2.0  '
GREP='/bin/grep'
GTHREAD_CFLAGS='-pthread -I/usr/include/glib-2.0 -I/usr/lib/x86_64-linux-gnu/glib-2.0/include  '
GTHREAD_LIBS='-pthread -lgthread-2.0 -lglib-2.0  '
GTK_CFLAGS='-pthread -I/usr/include/gtk-2.0 -I/usr/lib/x86_64-linux-gnu/gtk-2.0/include -I/usr/include/atk-1.0 -I/usr/include/cairo -I/usr/include/gdk-pixbuf-2.0 -I/usr/include/pango-1.0 -I/usr/include/gio-unix-2.0/ -I/usr/include/freetype2 -I/usr/include/glib-2.0 -I/usr/lib/x86_64-linux-gnu/glib-2.0/include -I/usr/include/pixman-1 -I/usr/include/libpng12 -I/usr/include/harfbuzz  '
GTK_LIBS='-lgtk-x11-2.0 -lgdk-x11-2.0 -latk-1.0 -lgio-2.0 -lpangoft2-1.0 -lpangocairo-1.0 -lgdk_pixbuf-2.0 -lcairo -lpango-1.0 -lfontconfig -lgobject-2.0 -lglib-2.0 -lfreetype  '
GUILE='/usr/bin/guile'
INSTALL_DATA='${INSTALL} -m 644'
INSTALL_PROGRAM='${INSTALL}'
INSTALL_SCRIPT='${INSTALL}'
INSTALL_STRIP_PROGRAM='$(install_sh) -c -s'
LALR=''
LD='/usr/bin/ld -m elf_x86_64'
LDFLAGS=''
LIBOBJS=''
LIBS='-lgmp '
LIBTOOL='$(SHELL) $(top_builddir)/libtool'
LIPO=''
LN_S='ln -s'
LTLIBOBJS=''
MAKEINFO='${SHELL} /home/yoyo/Downloads/balsa-4.0/missing --run makeinfo'
MKDIR_P='/bin/mkdir -p'
NM='/usr/bin/nm'
NMEDIT=''
OBJDUMP='objdump'
OBJEXT='o'
OTOOL64=''
OTOOL=''
PACKAGE='balsa'
PACKAGE_BUGREPORT=''
PACKAGE_NAME=''
PACKAGE_STRING=''
PACKAGE_TARNAME=''
PACKAGE_URL=''
PACKAGE_VERSION=''
PATH_SEPARATOR=':'
PKG_CONFIG='/usr/bin/pkg-config'
RANLIB='ranlib'
REX=''
RPP=''
SED='/bin/sed'
SET_MAKE=''
SHELL='/bin/bash'
STRIP='strip'
VERSION='4.0'
ac_ct_CC='gcc'
ac_ct_CXX='g++'
ac_ct_DUMPBIN=''
am__EXEEXT_FALSE=''
am__EXEEXT_TRUE='#'
am__fastdepCC_FALSE='#'
am__fastdepCC_TRUE=''
am__fastdepCXX_FALSE='#'
am__fastdepCXX_TRUE=''
am__include='include'
am__isrc=''
am__leading_dot='.'
am__quote=''
am__tar='${AMTAR} chof - "$$tardir"'
am__untar='${AMTAR} xf -'
balsadatadir='/usr/local/balsa/share'
bindir='${exec_prefix}/bin'
build='x86_64-unknown-linux-gnu'
build_alias=''
build_cpu='x86_64'
build_os='linux-gnu'
build_vendor='unknown'
datadir='${datarootdir}'
datarootdir='${prefix}/share'
docdir='${datarootdir}/doc/${PACKAGE}'
dvidir='${docdir}'
exec_prefix='${prefix}'
formatguiincdir='/usr/local/balsa/include/formatgui'
formatguilibdir='/usr/local/balsa/lib'
formatincdir='/usr/local/balsa/include/format'
formatlibdir='/usr/local/balsa/lib'
host='x86_64-unknown-linux-gnu'
host_alias=''
host_cpu='x86_64'
host_os='linux-gnu'
host_vendor='unknown'
htmldir='${docdir}'
includedir='${prefix}/include'
infodir='${datarootdir}/info'
install_sh='${SHELL} /home/yoyo/Downloads/balsa-4.0/install-sh'
libdir='${exec_prefix}/lib'
libexecdir='${exec_prefix}/libexec'
localedir='${datarootdir}/locale'
localstatedir='${prefix}/var'
lt_ECHO='echo'
mandir='${datarootdir}/man'
mkdir_p='/bin/mkdir -p'
oldincludedir='/usr/include'
pdfdir='${docdir}'
prefix='/usr/local/balsa'
program_transform_name='s,x,x,'
psdir='${docdir}'
sbindir='${exec_prefix}/sbin'
sharedstatedir='${prefix}/com'
sysconfdir='${prefix}/etc'
target_alias=''

## ----------- ##
## confdefs.h. ##
## ----------- ##

/* confdefs.h */
#define PACKAGE_NAME ""
#define PACKAGE_TARNAME ""
#define PACKAGE_VERSION ""
#define PACKAGE_STRING ""
#define PACKAGE_BUGREPORT ""
#define PACKAGE_URL ""
#define PACKAGE "balsa"
#define VERSION "4.0"
#define STDC_HEADERS 1
#define HAVE_SYS_TYPES_H 1
#define HAVE_SYS_STAT_H 1
#define HAVE_STDLIB_H 1
#define HAVE_STRING_H 1
#define HAVE_MEMORY_H 1
#define HAVE_STRINGS_H 1
#define HAVE_INTTYPES_H 1
#define HAVE_STDINT_H 1
#define HAVE_UNISTD_H 1
#define HAVE_DLFCN_H 1
#define LT_OBJDIR ".libs/"
#define STDC_HEADERS 1
#define HAVE_INTTYPES_H 1
#define SIZEOF_VOID_P 8
#define HAVE_LIBGMP 1
#define BALSAHOME "/usr/local/balsa"
#define DEFAULT_BALSAPATH "/usr/local/balsa/share:."
#define HAVE_UNAME 1
#define HAVE_FCNTL 1
#define HAVE_FILENO 1
#define HAVE_GETPID 1

configure: exit 0
