This file contains any messages produced by compilers while
running configure, to aid debugging if configure makes a mistake.

It was created by configure, which was
generated by GNU Autoconf 2.65.  Invocation command line was

  $ ./configure 

## --------- ##
## Platform. ##
## --------- ##

hostname = yoyoChen
uname -m = x86_64
uname -r = 3.16.0-38-generic
uname -s = Linux
uname -v = #52~14.04.1-Ubuntu SMP Fri May 8 09:43:57 UTC 2015

/usr/bin/uname -p = unknown
/bin/uname -X     = unknown

/bin/arch              = unknown
/usr/bin/arch -k       = unknown
/usr/convex/getsysinfo = unknown
/usr/bin/hostinfo      = unknown
/bin/machine           = unknown
/usr/bin/oslevel       = unknown
/bin/universe          = unknown

PATH: /home/yoyo/miniconda3/bin
PATH: /home/yoyo/Desktop/jdk1.8.0_144/bin
PATH: ~/Desktop/home/yoyo/Desktop/jdk1.8.0_144/bin
PATH: /home/yoyo/.npm-packages/bin
PATH: /home/yoyo/bin
PATH: /usr/local/sbin
PATH: /usr/local/bin
PATH: /usr/sbin
PATH: /usr/bin
PATH: /sbin
PATH: /bin
PATH: /usr/games
PATH: /usr/local/games
PATH: /usr/local/go/bin
PATH: /home/yoyo/bin


## ----------- ##
## Core tests. ##
## ----------- ##

configure:1705: checking for a BSD-compatible install
configure:1773: result: /usr/bin/install -c
configure:1784: checking whether build environment is sane
configure:1834: result: yes
configure:1975: checking for a thread-safe mkdir -p
configure:2014: result: /bin/mkdir -p
configure:2027: checking for gawk
configure:2043: found /usr/bin/gawk
configure:2054: result: gawk
configure:2065: checking whether make sets $(MAKE)
configure:2087: result: yes
configure:2170: checking for balsa-config
configure:2203: result: no
configure:2211: error: cannot find required balsa-config, install Balsa and add it to your path

## ---------------- ##
## Cache variables. ##
## ---------------- ##

ac_cv_env_build_alias_set=
ac_cv_env_build_alias_value=
ac_cv_env_host_alias_set=
ac_cv_env_host_alias_value=
ac_cv_env_target_alias_set=
ac_cv_env_target_alias_value=
ac_cv_path_install='/usr/bin/install -c'
ac_cv_path_mkdir=/bin/mkdir
ac_cv_prog_AWK=gawk
ac_cv_prog_make_make_set=yes

## ----------------- ##
## Output variables. ##
## ----------------- ##

ACLOCAL='${SHELL} /home/yoyo/Desktop/LSV/project/balsa-tech-example-4.0/missing --run aclocal-1.11'
AMTAR='${SHELL} /home/yoyo/Desktop/LSV/project/balsa-tech-example-4.0/missing --run tar'
AUTOCONF='${SHELL} /home/yoyo/Desktop/LSV/project/balsa-tech-example-4.0/missing --run autoconf'
AUTOHEADER='${SHELL} /home/yoyo/Desktop/LSV/project/balsa-tech-example-4.0/missing --run autoheader'
AUTOMAKE='${SHELL} /home/yoyo/Desktop/LSV/project/balsa-tech-example-4.0/missing --run automake-1.11'
AWK='gawk'
BALSA_CONFIG=''
CYGPATH_W='echo'
DEFS=''
ECHO_C=''
ECHO_N='-n'
ECHO_T=''
INSTALL_DATA='${INSTALL} -m 644'
INSTALL_PROGRAM='${INSTALL}'
INSTALL_SCRIPT='${INSTALL}'
INSTALL_STRIP_PROGRAM='$(install_sh) -c -s'
LIBOBJS=''
LIBS=''
LTLIBOBJS=''
MAKEINFO='${SHELL} /home/yoyo/Desktop/LSV/project/balsa-tech-example-4.0/missing --run makeinfo'
MKDIR_P='/bin/mkdir -p'
PACKAGE='balsa-tech-example'
PACKAGE_BUGREPORT=''
PACKAGE_NAME=''
PACKAGE_STRING=''
PACKAGE_TARNAME=''
PACKAGE_URL=''
PACKAGE_VERSION=''
PATH_SEPARATOR=':'
SET_MAKE=''
SHELL='/bin/bash'
STRIP=''
VERSION='4.0'
am__isrc=''
am__leading_dot='.'
am__tar='${AMTAR} chof - "$$tardir"'
am__untar='${AMTAR} xf -'
balsadatadir=''
bindir='${exec_prefix}/bin'
build_alias=''
datadir='${datarootdir}'
datarootdir='${prefix}/share'
docdir='${datarootdir}/doc/${PACKAGE}'
dvidir='${docdir}'
exec_prefix='NONE'
host_alias=''
htmldir='${docdir}'
includedir='${prefix}/include'
infodir='${datarootdir}/info'
install_sh='${SHELL} /home/yoyo/Desktop/LSV/project/balsa-tech-example-4.0/install-sh'
libdir='${exec_prefix}/lib'
libexecdir='${exec_prefix}/libexec'
localedir='${datarootdir}/locale'
localstatedir='${prefix}/var'
mandir='${datarootdir}/man'
mkdir_p='/bin/mkdir -p'
oldincludedir='/usr/include'
pdfdir='${docdir}'
prefix='NONE'
program_transform_name='s,x,x,'
psdir='${docdir}'
sbindir='${exec_prefix}/sbin'
sharedstatedir='${prefix}/com'
sysconfdir='${prefix}/etc'
target_alias=''

## ----------- ##
## confdefs.h. ##
## ----------- ##

/* confdefs.h */
#define PACKAGE_NAME ""
#define PACKAGE_TARNAME ""
#define PACKAGE_VERSION ""
#define PACKAGE_STRING ""
#define PACKAGE_BUGREPORT ""
#define PACKAGE_URL ""
#define PACKAGE "balsa-tech-example"
#define VERSION "4.0"

configure: exit 1
